#
# There is insufficient memory for the Java Runtime Environment to continue.
# Native memory allocation (malloc) failed to allocate 208496 bytes for Chunk::new
# Possible reasons:
#   The system is out of physical RAM or swap space
#   The process is running with CompressedOops enabled, and the Java Heap may be blocking the growth of the native heap
# Possible solutions:
#   Reduce memory load on the system
#   Increase physical memory or swap space
#   Check if swap backing store is full
#   Decrease Java heap size (-Xmx/-Xms)
#   Decrease number of Java threads
#   Decrease Java thread stack sizes (-Xss)
#   Set larger code cache with -XX:ReservedCodeCacheSize=
#   JVM is running with Unscaled Compressed Oops mode in which the Java heap is
#     placed in the first 4GB address space. The Java Heap base address is the
#     maximum limit for the native heap growth. Please use -XX:HeapBaseMinAddress
#     to set the Java Heap base and to place the Java Heap above 4GB virtual address.
# This output file may be truncated or incomplete.
#
#  Out of Memory Error (arena.cpp:189), pid=13508, tid=10816
#
# JRE version: OpenJDK Runtime Environment (17.0.7) (build 17.0.7+0-b2043.56-10550314)
# Java VM: OpenJDK 64-Bit Server VM (17.0.7+0-b2043.56-10550314, mixed mode, tiered, compressed oops, compressed class ptrs, g1 gc, windows-amd64)
# No core dump will be written. Minidumps are not enabled by default on client versions of Windows
#

---------------  S U M M A R Y ------------

Command Line: -Dorg.gradle.appname=gradlew org.gradle.wrapper.GradleWrapperMain -q -Ptarget-platform=android-x86 -Ptarget=C:\Users\User\Desktop\api-sis\mobile\lib\main.dart -Pbase-application-name=android.app.Application -Pdart-defines=RkxVVFRFUl9XRUJfQVVUT19ERVRFQ1Q9dHJ1ZQ==,RkxVVFRFUl9XRUJfQ0FOVkFTS0lUX1VSTD1odHRwczovL3d3dy5nc3RhdGljLmNvbS9mbHV0dGVyLWNhbnZhc2tpdC9mNDBlOTc2YmVkZmY1N2U2OWUxYjNkODlhN2MyYTNjNjE3YTAzZGFkLw== -Pdart-obfuscation=false -Ptrack-widget-creation=true -Ptree-shake-icons=false -Pfilesystem-scheme=org-dartlang-root assembleDebug

Host: AMD Ryzen 7 3750H with Radeon Vega Mobile Gfx  , 8 cores, 3G,  Windows 11 , 64 bit Build 22621 (10.0.22621.3374)
Time: Wed Apr 17 16:28:20 2024 Malay Peninsula Standard Time elapsed time: 8.971050 seconds (0d 0h 0m 8s)

---------------  T H R E A D  ---------------

Current thread (0x0000020ac38d44f0):  JavaThread "C2 CompilerThread0" daemon [_thread_in_native, id=10816, stack(0x0000002f68400000,0x0000002f68500000)]


Current CompileTask:
C2:   8971  768   !   4       java.util.zip.ZipFile::getEntry (59 bytes)

Stack: [0x0000002f68400000,0x0000002f68500000]
Native frames: (J=compiled Java code, j=interpreted, Vv=VM code, C=native code)
V  [jvm.dll+0x683bfa]
V  [jvm.dll+0x8430a4]
V  [jvm.dll+0x8449be]
V  [jvm.dll+0x845023]
V  [jvm.dll+0x24ad2f]
V  [jvm.dll+0xac25c]
V  [jvm.dll+0xac82c]
V  [jvm.dll+0x2b218f]
V  [jvm.dll+0x58c2f7]
V  [jvm.dll+0x225a12]
V  [jvm.dll+0x225def]
V  [jvm.dll+0x21f0b5]
V  [jvm.dll+0x21c56b]
V  [jvm.dll+0x1a605d]
V  [jvm.dll+0x22c148]
V  [jvm.dll+0x22a209]
V  [jvm.dll+0x7f858c]
V  [jvm.dll+0x7f2aea]
V  [jvm.dll+0x682a35]
C  [ucrtbase.dll+0x29333]
C  [KERNEL32.DLL+0x1257d]
C  [ntdll.dll+0x5aa48]


---------------  P R O C E S S  ---------------

Threads class SMR info:
_java_thread_list=0x0000020ac3c99960, length=12, elements={
0x0000020aaa5f32f0, 0x0000020ac387d960, 0x0000020ac3880be0, 0x0000020ac38cea30,
0x0000020ac38d2400, 0x0000020ac38d2db0, 0x0000020ac38d3760, 0x0000020ac38d44f0,
0x0000020ac38f2890, 0x0000020ac3b68860, 0x0000020ac3cc68b0, 0x0000020ac3cd0da0
}

Java Threads: ( => current thread )
  0x0000020aaa5f32f0 JavaThread "main" [_thread_in_Java, id=8376, stack(0x0000002f67700000,0x0000002f67800000)]
  0x0000020ac387d960 JavaThread "Reference Handler" daemon [_thread_blocked, id=12116, stack(0x0000002f67e00000,0x0000002f67f00000)]
  0x0000020ac3880be0 JavaThread "Finalizer" daemon [_thread_blocked, id=8352, stack(0x0000002f67f00000,0x0000002f68000000)]
  0x0000020ac38cea30 JavaThread "Signal Dispatcher" daemon [_thread_blocked, id=1248, stack(0x0000002f68000000,0x0000002f68100000)]
  0x0000020ac38d2400 JavaThread "Attach Listener" daemon [_thread_blocked, id=6460, stack(0x0000002f68100000,0x0000002f68200000)]
  0x0000020ac38d2db0 JavaThread "Service Thread" daemon [_thread_blocked, id=12780, stack(0x0000002f68200000,0x0000002f68300000)]
  0x0000020ac38d3760 JavaThread "Monitor Deflation Thread" daemon [_thread_blocked, id=1216, stack(0x0000002f68300000,0x0000002f68400000)]
=>0x0000020ac38d44f0 JavaThread "C2 CompilerThread0" daemon [_thread_in_native, id=10816, stack(0x0000002f68400000,0x0000002f68500000)]
  0x0000020ac38f2890 JavaThread "C1 CompilerThread0" daemon [_thread_blocked, id=13884, stack(0x0000002f68500000,0x0000002f68600000)]
  0x0000020ac3b68860 JavaThread "Sweeper thread" daemon [_thread_blocked, id=3512, stack(0x0000002f68600000,0x0000002f68700000)]
  0x0000020ac3cc68b0 JavaThread "Notification Thread" daemon [_thread_blocked, id=8336, stack(0x0000002f68700000,0x0000002f68800000)]
  0x0000020ac3cd0da0 JavaThread "Common-Cleaner" daemon [_thread_blocked, id=3024, stack(0x0000002f68900000,0x0000002f68a00000)]

Other Threads:
  0x0000020ac3879c40 VMThread "VM Thread" [stack: 0x0000002f67d00000,0x0000002f67e00000] [id=10200]
  0x0000020aaa639d40 WatcherThread [stack: 0x0000002f68800000,0x0000002f68900000] [id=10124]
  0x0000020aaa62a7e0 GCTaskThread "GC Thread#0" [stack: 0x0000002f67800000,0x0000002f67900000] [id=9332]
  0x0000020aaa633570 ConcurrentGCThread "G1 Main Marker" [stack: 0x0000002f67900000,0x0000002f67a00000] [id=12676]
  0x0000020aaa633f80 ConcurrentGCThread "G1 Conc#0" [stack: 0x0000002f67a00000,0x0000002f67b00000] [id=15196]
  0x0000020aaa685f10 ConcurrentGCThread "G1 Refine#0" [stack: 0x0000002f67b00000,0x0000002f67c00000] [id=1436]
  0x0000020aaa687940 ConcurrentGCThread "G1 Service" [stack: 0x0000002f67c00000,0x0000002f67d00000] [id=11896]

Threads with active compile tasks:
C2 CompilerThread0     9068  768   !   4       java.util.zip.ZipFile::getEntry (59 bytes)

VM state: not at safepoint (normal execution)

VM Mutex/Monitor currently owned by a thread: None

Heap address: 0x00000000c8e00000, size: 882 MB, Compressed Oops mode: 32-bit

CDS archive(s) not mapped
Compressed class space mapped at: 0x0000000100000000-0x0000000140000000, reserved size: 1073741824
Narrow klass base: 0x0000000000000000, Narrow klass shift: 3, Narrow klass range: 0x140000000

GC Precious Log:
 CPUs: 8 total, 8 available
 Memory: 3522M
 Large Page Support: Disabled
 NUMA Support: Disabled
 Compressed Oops: Enabled (32-bit)
 Heap Region Size: 1M
 Heap Min Capacity: 8M
 Heap Initial Capacity: 56M
 Heap Max Capacity: 882M
 Pre-touch: Disabled
 Parallel Workers: 8
 Concurrent Workers: 2
 Concurrent Refinement Workers: 8
 Periodic GC: Disabled

Heap:
 garbage-first heap   total 57344K, used 26624K [0x00000000c8e00000, 0x0000000100000000)
  region size 1024K, 22 young (22528K), 0 survivors (0K)
 Metaspace       used 10876K, committed 11072K, reserved 1114112K
  class space    used 1120K, committed 1216K, reserved 1048576K

Heap Regions: E=young(eden), S=young(survivor), O=old, HS=humongous(starts), HC=humongous(continues), CS=collection set, F=free, OA=open archive, CA=closed archive, TAMS=top-at-mark-start (previous, next)
|   0|0x00000000c8e00000, 0x00000000c8f00000, 0x00000000c8f00000|100%|HS|  |TAMS 0x00000000c8e00000, 0x00000000c8e00000| Complete 
|   1|0x00000000c8f00000, 0x00000000c9000000, 0x00000000c9000000|100%|HC|  |TAMS 0x00000000c8f00000, 0x00000000c8f00000| Complete 
|   2|0x00000000c9000000, 0x00000000c9100000, 0x00000000c9100000|100%|HC|  |TAMS 0x00000000c9000000, 0x00000000c9000000| Complete 
|   3|0x00000000c9100000, 0x00000000c9200000, 0x00000000c9200000|100%|HS|  |TAMS 0x00000000c9100000, 0x00000000c9100000| Complete 
|   4|0x00000000c9200000, 0x00000000c9300000, 0x00000000c9300000|100%|HC|  |TAMS 0x00000000c9200000, 0x00000000c9200000| Complete 
|   5|0x00000000c9300000, 0x00000000c9400000, 0x00000000c9400000|100%|HC|  |TAMS 0x00000000c9300000, 0x00000000c9300000| Complete 
|   6|0x00000000c9400000, 0x00000000c9400000, 0x00000000c9500000|  0%| F|  |TAMS 0x00000000c9400000, 0x00000000c9400000| Untracked 
|   7|0x00000000c9500000, 0x00000000c9500000, 0x00000000c9600000|  0%| F|  |TAMS 0x00000000c9500000, 0x00000000c9500000| Untracked 
|   8|0x00000000c9600000, 0x00000000c9600000, 0x00000000c9700000|  0%| F|  |TAMS 0x00000000c9600000, 0x00000000c9600000| Untracked 
|   9|0x00000000c9700000, 0x00000000c9700000, 0x00000000c9800000|  0%| F|  |TAMS 0x00000000c9700000, 0x00000000c9700000| Untracked 
|  10|0x00000000c9800000, 0x00000000c9800000, 0x00000000c9900000|  0%| F|  |TAMS 0x00000000c9800000, 0x00000000c9800000| Untracked 
|  11|0x00000000c9900000, 0x00000000c9900000, 0x00000000c9a00000|  0%| F|  |TAMS 0x00000000c9900000, 0x00000000c9900000| Untracked 
|  12|0x00000000c9a00000, 0x00000000c9a00000, 0x00000000c9b00000|  0%| F|  |TAMS 0x00000000c9a00000, 0x00000000c9a00000| Untracked 
|  13|0x00000000c9b00000, 0x00000000c9b00000, 0x00000000c9c00000|  0%| F|  |TAMS 0x00000000c9b00000, 0x00000000c9b00000| Untracked 
|  14|0x00000000c9c00000, 0x00000000c9c00000, 0x00000000c9d00000|  0%| F|  |TAMS 0x00000000c9c00000, 0x00000000c9c00000| Untracked 
|  15|0x00000000c9d00000, 0x00000000c9d00000, 0x00000000c9e00000|  0%| F|  |TAMS 0x00000000c9d00000, 0x00000000c9d00000| Untracked 
|  16|0x00000000c9e00000, 0x00000000c9e00000, 0x00000000c9f00000|  0%| F|  |TAMS 0x00000000c9e00000, 0x00000000c9e00000| Untracked 
|  17|0x00000000c9f00000, 0x00000000c9f00000, 0x00000000ca000000|  0%| F|  |TAMS 0x00000000c9f00000, 0x00000000c9f00000| Untracked 
|  18|0x00000000ca000000, 0x00000000ca000000, 0x00000000ca100000|  0%| F|  |TAMS 0x00000000ca000000, 0x00000000ca000000| Untracked 
|  19|0x00000000ca100000, 0x00000000ca100000, 0x00000000ca200000|  0%| F|  |TAMS 0x00000000ca100000, 0x00000000ca100000| Untracked 
|  20|0x00000000ca200000, 0x00000000ca200000, 0x00000000ca300000|  0%| F|  |TAMS 0x00000000ca200000, 0x00000000ca200000| Untracked 
|  21|0x00000000ca300000, 0x00000000ca300000, 0x00000000ca400000|  0%| F|  |TAMS 0x00000000ca300000, 0x00000000ca300000| Untracked 
|  22|0x00000000ca400000, 0x00000000ca400000, 0x00000000ca500000|  0%| F|  |TAMS 0x00000000ca400000, 0x00000000ca400000| Untracked 
|  23|0x00000000ca500000, 0x00000000ca500000, 0x00000000ca600000|  0%| F|  |TAMS 0x00000000ca500000, 0x00000000ca500000| Untracked 
|  24|0x00000000ca600000, 0x00000000ca600000, 0x00000000ca700000|  0%| F|  |TAMS 0x00000000ca600000, 0x00000000ca600000| Untracked 
|  25|0x00000000ca700000, 0x00000000ca700000, 0x00000000ca800000|  0%| F|  |TAMS 0x00000000ca700000, 0x00000000ca700000| Untracked 
|  26|0x00000000ca800000, 0x00000000ca800000, 0x00000000ca900000|  0%| F|  |TAMS 0x00000000ca800000, 0x00000000ca800000| Untracked 
|  27|0x00000000ca900000, 0x00000000ca900000, 0x00000000caa00000|  0%| F|  |TAMS 0x00000000ca900000, 0x00000000ca900000| Untracked 
|  28|0x00000000caa00000, 0x00000000caa00000, 0x00000000cab00000|  0%| F|  |TAMS 0x00000000caa00000, 0x00000000caa00000| Untracked 
|  29|0x00000000cab00000, 0x00000000cab00000, 0x00000000cac00000|  0%| F|  |TAMS 0x00000000cab00000, 0x00000000cab00000| Untracked 
|  30|0x00000000cac00000, 0x00000000cac00000, 0x00000000cad00000|  0%| F|  |TAMS 0x00000000cac00000, 0x00000000cac00000| Untracked 
|  31|0x00000000cad00000, 0x00000000cad00000, 0x00000000cae00000|  0%| F|  |TAMS 0x00000000cad00000, 0x00000000cad00000| Untracked 
|  32|0x00000000cae00000, 0x00000000cae00000, 0x00000000caf00000|  0%| F|  |TAMS 0x00000000cae00000, 0x00000000cae00000| Untracked 
|  33|0x00000000caf00000, 0x00000000caf00000, 0x00000000cb000000|  0%| F|  |TAMS 0x00000000caf00000, 0x00000000caf00000| Untracked 
|  34|0x00000000cb000000, 0x00000000cb0ec1a0, 0x00000000cb100000| 92%| E|  |TAMS 0x00000000cb000000, 0x00000000cb000000| Complete 
|  35|0x00000000cb100000, 0x00000000cb200000, 0x00000000cb200000|100%| E|CS|TAMS 0x00000000cb100000, 0x00000000cb100000| Complete 
|  36|0x00000000cb200000, 0x00000000cb300000, 0x00000000cb300000|100%| E|CS|TAMS 0x00000000cb200000, 0x00000000cb200000| Complete 
|  37|0x00000000cb300000, 0x00000000cb400000, 0x00000000cb400000|100%| E|CS|TAMS 0x00000000cb300000, 0x00000000cb300000| Complete 
|  38|0x00000000cb400000, 0x00000000cb500000, 0x00000000cb500000|100%| E|CS|TAMS 0x00000000cb400000, 0x00000000cb400000| Complete 
|  39|0x00000000cb500000, 0x00000000cb600000, 0x00000000cb600000|100%| E|CS|TAMS 0x00000000cb500000, 0x00000000cb500000| Complete 
|  40|0x00000000cb600000, 0x00000000cb700000, 0x00000000cb700000|100%| E|  |TAMS 0x00000000cb600000, 0x00000000cb600000| Complete 
|  41|0x00000000cb700000, 0x00000000cb800000, 0x00000000cb800000|100%| E|CS|TAMS 0x00000000cb700000, 0x00000000cb700000| Complete 
|  42|0x00000000cb800000, 0x00000000cb900000, 0x00000000cb900000|100%| E|CS|TAMS 0x00000000cb800000, 0x00000000cb800000| Complete 
|  43|0x00000000cb900000, 0x00000000cba00000, 0x00000000cba00000|100%| E|CS|TAMS 0x00000000cb900000, 0x00000000cb900000| Complete 
|  44|0x00000000cba00000, 0x00000000cbb00000, 0x00000000cbb00000|100%| E|CS|TAMS 0x00000000cba00000, 0x00000000cba00000| Complete 
|  45|0x00000000cbb00000, 0x00000000cbc00000, 0x00000000cbc00000|100%| E|CS|TAMS 0x00000000cbb00000, 0x00000000cbb00000| Complete 
|  46|0x00000000cbc00000, 0x00000000cbd00000, 0x00000000cbd00000|100%| E|CS|TAMS 0x00000000cbc00000, 0x00000000cbc00000| Complete 
|  47|0x00000000cbd00000, 0x00000000cbe00000, 0x00000000cbe00000|100%| E|CS|TAMS 0x00000000cbd00000, 0x00000000cbd00000| Complete 
|  48|0x00000000cbe00000, 0x00000000cbf00000, 0x00000000cbf00000|100%| E|CS|TAMS 0x00000000cbe00000, 0x00000000cbe00000| Complete 
|  49|0x00000000cbf00000, 0x00000000cc000000, 0x00000000cc000000|100%| E|CS|TAMS 0x00000000cbf00000, 0x00000000cbf00000| Complete 
|  50|0x00000000cc000000, 0x00000000cc100000, 0x00000000cc100000|100%| E|CS|TAMS 0x00000000cc000000, 0x00000000cc000000| Complete 
|  51|0x00000000cc100000, 0x00000000cc200000, 0x00000000cc200000|100%| E|CS|TAMS 0x00000000cc100000, 0x00000000cc100000| Complete 
|  52|0x00000000cc200000, 0x00000000cc300000, 0x00000000cc300000|100%| E|CS|TAMS 0x00000000cc200000, 0x00000000cc200000| Complete 
|  53|0x00000000cc300000, 0x00000000cc400000, 0x00000000cc400000|100%| E|CS|TAMS 0x00000000cc300000, 0x00000000cc300000| Complete 
|  54|0x00000000cc400000, 0x00000000cc500000, 0x00000000cc500000|100%| E|CS|TAMS 0x00000000cc400000, 0x00000000cc400000| Complete 
|  55|0x00000000cc500000, 0x00000000cc600000, 0x00000000cc600000|100%| E|CS|TAMS 0x00000000cc500000, 0x00000000cc500000| Complete 

Card table byte_map: [0x0000020abef10000,0x0000020abf0d0000] _byte_map_base: 0x0000020abe8c9000

Marking Bits (Prev, Next): (CMBitMap*) 0x0000020aaa62be00, (CMBitMap*) 0x0000020aaa62be40
 Prev Bits: [0x0000020abf290000, 0x0000020ac0058000)
 Next Bits: [0x0000020ac0060000, 0x0000020ac0e28000)

Polling page: 0x0000020aaa6b0000

Metaspace:

Usage:
  Non-class:      9.54 MB used.
      Class:      1.10 MB used.
       Both:     10.64 MB used.

Virtual space:
  Non-class space:       64.00 MB reserved,       9.62 MB ( 15%) committed,  1 nodes.
      Class space:        1.00 GB reserved,       1.19 MB ( <1%) committed,  1 nodes.
             Both:        1.06 GB reserved,      10.81 MB ( <1%) committed. 

Chunk freelists:
   Non-Class:  6.22 MB
       Class:  14.64 MB
        Both:  20.86 MB

MaxMetaspaceSize: unlimited
CompressedClassSpaceSize: 1.00 GB
Initial GC threshold: 21.00 MB
Current GC threshold: 21.00 MB
CDS: off
MetaspaceReclaimPolicy: balanced
 - commit_granule_bytes: 65536.
 - commit_granule_words: 8192.
 - virtual_space_node_default_size: 8388608.
 - enlarge_chunks_in_place: 1.
 - new_chunks_are_fully_committed: 0.
 - uncommit_free_chunks: 1.
 - use_allocation_guard: 0.
 - handle_deallocations: 1.


Internal statistics:

num_allocs_failed_limit: 0.
num_arena_births: 18.
num_arena_deaths: 0.
num_vsnodes_births: 2.
num_vsnodes_deaths: 0.
num_space_committed: 173.
num_space_uncommitted: 0.
num_chunks_returned_to_freelist: 0.
num_chunks_taken_from_freelist: 119.
num_chunk_merges: 0.
num_chunk_splits: 67.
num_chunks_enlarged: 58.
num_inconsistent_stats: 0.

CodeHeap 'non-profiled nmethods': size=120000Kb used=282Kb max_used=282Kb free=119717Kb
 bounds [0x0000020ab6da0000, 0x0000020ab7010000, 0x0000020abe2d0000]
CodeHeap 'profiled nmethods': size=120000Kb used=1457Kb max_used=1457Kb free=118542Kb
 bounds [0x0000020aaf2d0000, 0x0000020aaf540000, 0x0000020ab6800000]
CodeHeap 'non-nmethods': size=5760Kb used=1125Kb max_used=1149Kb free=4635Kb
 bounds [0x0000020ab6800000, 0x0000020ab6a70000, 0x0000020ab6da0000]
 total_blobs=1202 nmethods=793 adapters=322
 compilation: enabled
              stopped_count=0, restarted_count=0
 full_count=0

Compilation events (20 events):
Event: 8.606 Thread 0x0000020ac38f2890  779       3       java.util.jar.JavaUtilJarAccessImpl::getTrustedAttributes (6 bytes)
Event: 8.610 Thread 0x0000020ac38f2890 nmethod 779 0x0000020aaf431d90 code [0x0000020aaf431f40, 0x0000020aaf4320a8]
Event: 8.610 Thread 0x0000020ac38f2890  782   !   3       jdk.internal.loader.Resource::getBytes (244 bytes)
Event: 8.614 Thread 0x0000020ac38f2890 nmethod 782 0x0000020aaf432190 code [0x0000020aaf4324a0, 0x0000020aaf433978]
Event: 8.615 Thread 0x0000020ac38f2890  783       3       java.lang.Thread::interrupted (23 bytes)
Event: 8.615 Thread 0x0000020ac38f2890 nmethod 783 0x0000020aaf434390 code [0x0000020aaf434540, 0x0000020aaf4346c8]
Event: 8.615 Thread 0x0000020ac38f2890  784       3       jdk.internal.loader.URLClassPath$JarLoader$2::getContentLength (9 bytes)
Event: 8.615 Thread 0x0000020ac38f2890 nmethod 784 0x0000020aaf434790 code [0x0000020aaf434920, 0x0000020aaf434ad8]
Event: 8.615 Thread 0x0000020ac38f2890  780       3       java.util.jar.Manifest::getTrustedAttributes (57 bytes)
Event: 8.617 Thread 0x0000020ac38f2890 nmethod 780 0x0000020aaf434b90 code [0x0000020aaf434e00, 0x0000020aaf435778]
Event: 8.617 Thread 0x0000020ac38f2890  781       3       java.util.jar.Manifest::getAttributes (14 bytes)
Event: 8.618 Thread 0x0000020ac38f2890 nmethod 781 0x0000020aaf435b10 code [0x0000020aaf435cc0, 0x0000020aaf435fa8]
Event: 8.674 Thread 0x0000020ac38f2890  785       1       org.gradle.internal.buildoption.AbstractBuildOption::getGradleProperty (5 bytes)
Event: 8.675 Thread 0x0000020ac38f2890 nmethod 785 0x0000020ab6ddf590 code [0x0000020ab6ddf720, 0x0000020ab6ddf7f8]
Event: 8.708 Thread 0x0000020ac38d44f0 nmethod 769 0x0000020ab6ddf890 code [0x0000020ab6ddfbc0, 0x0000020ab6de25a8]
Event: 8.709 Thread 0x0000020ac38d44f0  770       4       java.util.jar.JarFile::getEntry (35 bytes)
Event: 8.885 Thread 0x0000020ac38d44f0 nmethod 770 0x0000020ab6de3c10 code [0x0000020ab6de3e80, 0x0000020ab6de5730]
Event: 8.887 Thread 0x0000020ac38d44f0  768   !   4       java.util.zip.ZipFile::getEntry (59 bytes)
Event: 8.919 Thread 0x0000020ac38f2890  786       3       java.util.jar.Manifest$FastInputStream::readLine (9 bytes)
Event: 8.921 Thread 0x0000020ac38f2890 nmethod 786 0x0000020aaf436090 code [0x0000020aaf436240, 0x0000020aaf4363a8]

GC Heap History (0 events):
No events

Dll operation events (2 events):
Event: 0.050 Loaded shared library C:\Program Files\Android\Android Studio\jbr\bin\java.dll
Event: 0.612 Loaded shared library C:\Program Files\Android\Android Studio\jbr\bin\verify.dll

Deoptimization events (20 events):
Event: 8.388 Thread 0x0000020aaa5f32f0 Uncommon trap: trap_request=0xffffff45 fr.pc=0x0000020ab6dbccb8 relative=0x0000000000000198
Event: 8.389 Thread 0x0000020aaa5f32f0 Uncommon trap: reason=unstable_if action=reinterpret pc=0x0000020ab6dbccb8 method=java.util.regex.Matcher.reset()Ljava/util/regex/Matcher; @ 47 c2
Event: 8.389 Thread 0x0000020aaa5f32f0 DEOPT PACKING pc=0x0000020ab6dbccb8 sp=0x0000002f677fcd50
Event: 8.407 Thread 0x0000020aaa5f32f0 DEOPT UNPACKING pc=0x0000020ab68569a3 sp=0x0000002f677fccd8 mode 2
Event: 8.408 Thread 0x0000020aaa5f32f0 Uncommon trap: trap_request=0xffffffde fr.pc=0x0000020ab6dbc0f8 relative=0x0000000000000398
Event: 8.408 Thread 0x0000020aaa5f32f0 Uncommon trap: reason=class_check action=maybe_recompile pc=0x0000020ab6dbc0f8 method=java.util.regex.Matcher.match(II)Z @ 121 c2
Event: 8.408 Thread 0x0000020aaa5f32f0 DEOPT PACKING pc=0x0000020ab6dbc0f8 sp=0x0000002f677fcda0
Event: 8.408 Thread 0x0000020aaa5f32f0 DEOPT UNPACKING pc=0x0000020ab68569a3 sp=0x0000002f677fcd48 mode 2
Event: 8.408 Thread 0x0000020aaa5f32f0 Uncommon trap: trap_request=0xffffffde fr.pc=0x0000020ab6dbc0f8 relative=0x0000000000000398
Event: 8.408 Thread 0x0000020aaa5f32f0 Uncommon trap: reason=class_check action=maybe_recompile pc=0x0000020ab6dbc0f8 method=java.util.regex.Matcher.match(II)Z @ 121 c2
Event: 8.408 Thread 0x0000020aaa5f32f0 DEOPT PACKING pc=0x0000020ab6dbc0f8 sp=0x0000002f677fcda0
Event: 8.408 Thread 0x0000020aaa5f32f0 DEOPT UNPACKING pc=0x0000020ab68569a3 sp=0x0000002f677fcd48 mode 2
Event: 8.411 Thread 0x0000020aaa5f32f0 Uncommon trap: trap_request=0xffffffde fr.pc=0x0000020ab6dbc0f8 relative=0x0000000000000398
Event: 8.411 Thread 0x0000020aaa5f32f0 Uncommon trap: reason=class_check action=maybe_recompile pc=0x0000020ab6dbc0f8 method=java.util.regex.Matcher.match(II)Z @ 121 c2
Event: 8.411 Thread 0x0000020aaa5f32f0 DEOPT PACKING pc=0x0000020ab6dbc0f8 sp=0x0000002f677fcc20
Event: 8.412 Thread 0x0000020aaa5f32f0 DEOPT UNPACKING pc=0x0000020ab68569a3 sp=0x0000002f677fcbc8 mode 2
Event: 8.412 Thread 0x0000020aaa5f32f0 Uncommon trap: trap_request=0xffffffde fr.pc=0x0000020ab6dbc0f8 relative=0x0000000000000398
Event: 8.412 Thread 0x0000020aaa5f32f0 Uncommon trap: reason=class_check action=maybe_recompile pc=0x0000020ab6dbc0f8 method=java.util.regex.Matcher.match(II)Z @ 121 c2
Event: 8.412 Thread 0x0000020aaa5f32f0 DEOPT PACKING pc=0x0000020ab6dbc0f8 sp=0x0000002f677fcc20
Event: 8.412 Thread 0x0000020aaa5f32f0 DEOPT UNPACKING pc=0x0000020ab68569a3 sp=0x0000002f677fcbc8 mode 2

Classes unloaded (0 events):
No events

Classes redefined (0 events):
No events

Internal exceptions (2 events):
Event: 1.193 Thread 0x0000020aaa5f32f0 Exception <a 'java/lang/NoSuchMethodError'{0x00000000cc226278}: 'int java.lang.invoke.DirectMethodHandle$Holder.invokeStaticInit(java.lang.Object, java.lang.Object)'> (0x00000000cc226278) 
thrown [s\src\hotspot\share\interpreter\linkResolver.cpp, line 771]
Event: 8.551 Thread 0x0000020aaa5f32f0 Exception <a 'java/lang/NoSuchMethodError'{0x00000000cb1a1740}: 'void java.lang.invoke.DirectMethodHandle$Holder.invokeStatic(java.lang.Object, java.lang.Object)'> (0x00000000cb1a1740) 
thrown [s\src\hotspot\share\interpreter\linkResolver.cpp, line 771]

VM Operations (18 events):
Event: 0.589 Executing VM operation: HandshakeAllThreads
Event: 0.590 Executing VM operation: HandshakeAllThreads done
Event: 1.604 Executing VM operation: Cleanup
Event: 1.605 Executing VM operation: Cleanup done
Event: 2.615 Executing VM operation: Cleanup
Event: 2.631 Executing VM operation: Cleanup done
Event: 3.642 Executing VM operation: Cleanup
Event: 3.674 Executing VM operation: Cleanup done
Event: 4.687 Executing VM operation: Cleanup
Event: 4.734 Executing VM operation: Cleanup done
Event: 5.743 Executing VM operation: Cleanup
Event: 5.743 Executing VM operation: Cleanup done
Event: 6.760 Executing VM operation: Cleanup
Event: 6.776 Executing VM operation: Cleanup done
Event: 7.783 Executing VM operation: Cleanup
Event: 7.854 Executing VM operation: Cleanup done
Event: 8.860 Executing VM operation: Cleanup
Event: 8.864 Executing VM operation: Cleanup done

Events (20 events):
Event: 8.740 loading class sun/reflect/generics/visitor/Reifier done
Event: 8.740 loading class sun/reflect/generics/reflectiveObjects/ParameterizedTypeImpl
Event: 8.758 loading class sun/reflect/generics/reflectiveObjects/ParameterizedTypeImpl done
Event: 8.758 loading class java/lang/reflect/TypeVariable
Event: 8.784 loading class java/lang/reflect/TypeVariable done
Event: 8.791 loading class sun/reflect/generics/reflectiveObjects/TypeVariableImpl
Event: 8.828 loading class sun/reflect/generics/reflectiveObjects/LazyReflectiveObjectGenerator
Event: 8.831 loading class sun/reflect/generics/reflectiveObjects/LazyReflectiveObjectGenerator done
Event: 8.831 loading class sun/reflect/generics/reflectiveObjects/TypeVariableImpl done
Event: 8.832 loading class java/lang/reflect/WildcardType
Event: 8.833 loading class java/lang/reflect/WildcardType done
Event: 8.875 loading class java/util/MissingResourceException
Event: 8.877 loading class java/util/MissingResourceException done
Event: 8.879 loading class java/util/logging/ErrorManager
Event: 8.882 loading class java/util/logging/ErrorManager done
Event: 8.923 loading class java/io/StringWriter
Event: 8.926 loading class java/io/StringWriter done
Event: 8.935 loading class java/text/ParseException
Event: 8.939 loading class java/text/ParseException done
Event: 8.940 loading class java/util/regex/Pattern$Curly


Dynamic libraries:
0x00007ff7b3ca0000 - 0x00007ff7b3caa000 	C:\Program Files\Android\Android Studio\jbr\bin\java.exe
0x00007ffa598d0000 - 0x00007ffa59ae6000 	C:\WINDOWS\SYSTEM32\ntdll.dll
0x00007ffa58d90000 - 0x00007ffa58e54000 	C:\WINDOWS\System32\KERNEL32.DLL
0x00007ffa56f50000 - 0x00007ffa572f7000 	C:\WINDOWS\System32\KERNELBASE.dll
0x00007ffa56c70000 - 0x00007ffa56d81000 	C:\WINDOWS\System32\ucrtbase.dll
0x00007ffa46030000 - 0x00007ffa46047000 	C:\Program Files\Android\Android Studio\jbr\bin\jli.dll
0x00007ffa46010000 - 0x00007ffa4602b000 	C:\Program Files\Android\Android Studio\jbr\bin\VCRUNTIME140.dll
0x00007ffa59150000 - 0x00007ffa592fe000 	C:\WINDOWS\System32\USER32.dll
0x00007ffa575d0000 - 0x00007ffa575f6000 	C:\WINDOWS\System32\win32u.dll
0x00007ffa59850000 - 0x00007ffa59879000 	C:\WINDOWS\System32\GDI32.dll
0x00007ffa56d90000 - 0x00007ffa56ea9000 	C:\WINDOWS\System32\gdi32full.dll
0x00007ffa56eb0000 - 0x00007ffa56f4a000 	C:\WINDOWS\System32\msvcp_win.dll
0x00007ffa44ca0000 - 0x00007ffa44f33000 	C:\WINDOWS\WinSxS\amd64_microsoft.windows.common-controls_6595b64144ccf1df_6.0.22621.3235_none_270f74e173860f98\COMCTL32.dll
0x00007ffa593a0000 - 0x00007ffa59447000 	C:\WINDOWS\System32\msvcrt.dll
0x00007ffa58e60000 - 0x00007ffa58e91000 	C:\WINDOWS\System32\IMM32.DLL
0x00007ffa46000000 - 0x00007ffa4600c000 	C:\Program Files\Android\Android Studio\jbr\bin\vcruntime140_1.dll
0x00007ffa1ea50000 - 0x00007ffa1eadd000 	C:\Program Files\Android\Android Studio\jbr\bin\msvcp140.dll
0x00007ff9b3dd0000 - 0x00007ff9b4a50000 	C:\Program Files\Android\Android Studio\jbr\bin\server\jvm.dll
0x00007ffa59450000 - 0x00007ffa59502000 	C:\WINDOWS\System32\ADVAPI32.dll
0x00007ffa58280000 - 0x00007ffa58328000 	C:\WINDOWS\System32\sechost.dll
0x00007ffa57530000 - 0x00007ffa57558000 	C:\WINDOWS\System32\bcrypt.dll
0x00007ffa580f0000 - 0x00007ffa58205000 	C:\WINDOWS\System32\RPCRT4.dll
0x00007ffa4eae0000 - 0x00007ffa4eae9000 	C:\WINDOWS\SYSTEM32\WSOCK32.dll
0x00007ffa58f70000 - 0x00007ffa58fe1000 	C:\WINDOWS\System32\WS2_32.dll
0x00007ffa4f750000 - 0x00007ffa4f784000 	C:\WINDOWS\SYSTEM32\WINMM.dll
0x00007ffa50980000 - 0x00007ffa5098a000 	C:\WINDOWS\SYSTEM32\VERSION.dll
0x00007ffa55c30000 - 0x00007ffa55c48000 	C:\WINDOWS\SYSTEM32\kernel.appcore.dll
0x00007ffa45ff0000 - 0x00007ffa45ffa000 	C:\Program Files\Android\Android Studio\jbr\bin\jimage.dll
0x00007ffa547c0000 - 0x00007ffa549f3000 	C:\WINDOWS\SYSTEM32\DBGHELP.DLL
0x00007ffa58a00000 - 0x00007ffa58d88000 	C:\WINDOWS\System32\combase.dll
0x00007ffa57f60000 - 0x00007ffa58037000 	C:\WINDOWS\System32\OLEAUT32.dll
0x00007ffa401e0000 - 0x00007ffa40212000 	C:\WINDOWS\SYSTEM32\dbgcore.DLL
0x00007ffa56bf0000 - 0x00007ffa56c69000 	C:\WINDOWS\System32\bcryptPrimitives.dll
0x00007ffa25330000 - 0x00007ffa25355000 	C:\Program Files\Android\Android Studio\jbr\bin\java.dll
0x00007ffa45fd0000 - 0x00007ffa45fe8000 	C:\Program Files\Android\Android Studio\jbr\bin\zip.dll
0x00007ffa57700000 - 0x00007ffa57f5c000 	C:\WINDOWS\System32\SHELL32.dll
0x00007ffa54b50000 - 0x00007ffa55449000 	C:\WINDOWS\SYSTEM32\windows.storage.dll
0x00007ffa54a10000 - 0x00007ffa54b4e000 	C:\WINDOWS\SYSTEM32\wintypes.dll
0x00007ffa57600000 - 0x00007ffa576f3000 	C:\WINDOWS\System32\SHCORE.dll
0x00007ffa587d0000 - 0x00007ffa5882e000 	C:\WINDOWS\System32\shlwapi.dll
0x00007ffa56b20000 - 0x00007ffa56b41000 	C:\WINDOWS\SYSTEM32\profapi.dll
0x00007ffa1edb0000 - 0x00007ffa1edc9000 	C:\Program Files\Android\Android Studio\jbr\bin\net.dll
0x00007ffa507f0000 - 0x00007ffa50926000 	C:\WINDOWS\SYSTEM32\WINHTTP.dll
0x00007ffa560a0000 - 0x00007ffa56109000 	C:\WINDOWS\system32\mswsock.dll
0x00007ffa1ed90000 - 0x00007ffa1eda6000 	C:\Program Files\Android\Android Studio\jbr\bin\nio.dll
0x00007ffa33070000 - 0x00007ffa33080000 	C:\Program Files\Android\Android Studio\jbr\bin\verify.dll

dbghelp: loaded successfully - version: 4.0.5 - missing functions: none
symbol engine: initialized successfully - sym options: 0x614 - pdb path: .;C:\Program Files\Android\Android Studio\jbr\bin;C:\WINDOWS\SYSTEM32;C:\WINDOWS\WinSxS\amd64_microsoft.windows.common-controls_6595b64144ccf1df_6.0.22621.3235_none_270f74e173860f98;C:\Program Files\Android\Android Studio\jbr\bin\server

VM Arguments:
jvm_args: -Dorg.gradle.appname=gradlew 
java_command: org.gradle.wrapper.GradleWrapperMain -q -Ptarget-platform=android-x86 -Ptarget=C:\Users\User\Desktop\api-sis\mobile\lib\main.dart -Pbase-application-name=android.app.Application -Pdart-defines=RkxVVFRFUl9XRUJfQVVUT19ERVRFQ1Q9dHJ1ZQ==,RkxVVFRFUl9XRUJfQ0FOVkFTS0lUX1VSTD1odHRwczovL3d3dy5nc3RhdGljLmNvbS9mbHV0dGVyLWNhbnZhc2tpdC9mNDBlOTc2YmVkZmY1N2U2OWUxYjNkODlhN2MyYTNjNjE3YTAzZGFkLw== -Pdart-obfuscation=false -Ptrack-widget-creation=true -Ptree-shake-icons=false -Pfilesystem-scheme=org-dartlang-root assembleDebug
java_class_path (initial): C:\Users\User\Desktop\api-sis\mobile\android\\gradle\wrapper\gradle-wrapper.jar
Launcher Type: SUN_STANDARD

[Global flags]
     intx CICompilerCount                          = 4                                         {product} {ergonomic}
     uint ConcGCThreads                            = 2                                         {product} {ergonomic}
     uint G1ConcRefinementThreads                  = 8                                         {product} {ergonomic}
   size_t G1HeapRegionSize                         = 1048576                                   {product} {ergonomic}
    uintx GCDrainStackTargetSize                   = 64                                        {product} {ergonomic}
   size_t InitialHeapSize                          = 58720256                                  {product} {ergonomic}
   size_t MarkStackSize                            = 4194304                                   {product} {ergonomic}
   size_t MaxHeapSize                              = 924844032                                 {product} {ergonomic}
   size_t MaxNewSize                               = 554696704                                 {product} {ergonomic}
   size_t MinHeapDeltaBytes                        = 1048576                                   {product} {ergonomic}
   size_t MinHeapSize                              = 8388608                                   {product} {ergonomic}
    uintx NonNMethodCodeHeapSize                   = 5839372                                {pd product} {ergonomic}
    uintx NonProfiledCodeHeapSize                  = 122909434                              {pd product} {ergonomic}
    uintx ProfiledCodeHeapSize                     = 122909434                              {pd product} {ergonomic}
    uintx ReservedCodeCacheSize                    = 251658240                              {pd product} {ergonomic}
     bool SegmentedCodeCache                       = true                                      {product} {ergonomic}
   size_t SoftMaxHeapSize                          = 924844032                              {manageable} {ergonomic}
     bool UseCompressedClassPointers               = true                           {product lp64_product} {ergonomic}
     bool UseCompressedOops                        = true                           {product lp64_product} {ergonomic}
     bool UseG1GC                                  = true                                      {product} {ergonomic}
     bool UseLargePagesIndividualAllocation        = false                                  {pd product} {ergonomic}

Logging:
Log output configuration:
 #0: stdout all=warning uptime,level,tags
 #1: stderr all=off uptime,level,tags

Environment Variables:
JAVA_HOME=C:\Program Files\Android\Android Studio\jbr
CLASSPATH=C:\Users\User\Desktop\api-sis\mobile\android\\gradle\wrapper\gradle-wrapper.jar
PATH=C:\Program Files\Android\Android Studio\jbr\bin;C:\ProgramData\Oracle\Java\javapath;C:\Windows\system32;C:\Windows;C:\Windows\System32\Wbem;C:\Windows\System32\WindowsPowerShell\v1.0\;C:\Windows\System32\OpenSSH\;C:\Program Files (x86)\NVIDIA Corporation\PhysX\Common;C:\WINDOWS\system32;C:\WINDOWS;C:\WINDOWS\System32\Wbem;C:\WINDOWS\System32\WindowsPowerShell\v1.0\;C:\WINDOWS\System32\OpenSSH\;C:\Users\User\AppData\Roaming\Python\Python310\Scripts;C:\Program Files\Git\cmd;C:\Program Files (x86)\Bitvise SSH Client;C:\Program Files\Android\Android Studio\bin;C:\Program Files\Flutter\flutter_windows_3.16.7-stable\flutter\bin;C:\Program Files\MySQL\MySQL Shell 8.0\bin\;C:\Users\User\AppData\Local\Programs\Python\Python311\Scripts\;C:\Users\User\AppData\Local\Programs\Python\Python311\;C:\Users\User\AppData\Local\Microsoft\WindowsApps;C:\Users\User\AppData\Local\Microsoft\WindowsApps;C:\Program Files\JetBrains\PyCharm Community Edition 2023.1\bin;;C:\MinGW\bin;C:\Users\User\AppData\Local\Programs\Microsoft VS Code\bin;C:\Program Files\Flutter\flutter_windows_3.16.7-stable\flutter\bin;C:\Program Files\Android\Android Studio\bin;;C:\Program Files\Flutter\flutter_windows_3.16.7-stable\flutter\bin\mingit\cmd;C:\Program Files\Flutter\flutter_windows_3.16.7-stable\flutter\bin\mingit\cmd
USERNAME=User
OS=Windows_NT
PROCESSOR_IDENTIFIER=AMD64 Family 23 Model 24 Stepping 1, AuthenticAMD
TMP=C:\Users\User\AppData\Local\Temp
TEMP=C:\Users\User\AppData\Local\Temp


JNI global refs:
JNI global refs: 8, weak refs: 0

JNI global refs memory usage: 843, weak refs: 209

OOME stack traces (most recent first):
Classloader memory used:
Loader bootstrap                                                                       : 1169K
Loader org.gradle.internal.classloader.VisitableURLClassLoader                         : 153K
Loader java.net.URLClassLoader                                                         : 25818B
Loader jdk.internal.loader.ClassLoaders$AppClassLoader                                 : 18431B

Classes loaded by more than one classloader:
Class org.gradle.internal.installation.GradleInstallation                             : loaded 2 times (x 73B)
Class org.gradle.cli.ParsedCommandLine                                                : loaded 2 times (x 78B)
Class org.gradle.api.Action                                                           : loaded 2 times (x 68B)
Class org.gradle.cli.CommandLineParser$OptionString                                   : loaded 2 times (x 71B)
Class org.gradle.internal.installation.GradleInstallation$1                           : loaded 2 times (x 73B)
Class org.gradle.cli.CommandLineParser$AfterOptions                                   : loaded 2 times (x 75B)
Class org.gradle.cli.CommandLineParser$AfterFirstSubCommand                           : loaded 2 times (x 75B)
Class org.gradle.internal.service.UnknownServiceException                             : loaded 2 times (x 81B)
Class org.gradle.api.GradleException                                                  : loaded 2 times (x 80B)
Class org.gradle.cli.CommandLineParser$KnownOptionParserState                         : loaded 2 times (x 74B)
Class org.gradle.cli.AbstractPropertiesCommandLineConverter                           : loaded 2 times (x 81B)
Class org.gradle.api.specs.Spec                                                       : loaded 2 times (x 68B)
Class org.gradle.cli.SystemPropertiesCommandLineConverter                             : loaded 2 times (x 81B)
Class org.gradle.internal.IoActions                                                   : loaded 2 times (x 69B)
Class org.gradle.internal.installation.CurrentGradleInstallation                      : loaded 2 times (x 71B)
Class org.gradle.internal.installation.CurrentGradleInstallationLocator               : loaded 2 times (x 69B)
Class org.gradle.api.Transformer                                                      : loaded 2 times (x 68B)
Class org.gradle.cli.CommandLineParser                                                : loaded 2 times (x 77B)
Class org.gradle.cli.CommandLineParser$BeforeFirstSubCommand                          : loaded 2 times (x 75B)
Class org.gradle.cli.CommandLineOption                                                : loaded 2 times (x 84B)
Class org.gradle.cli.CommandLineParser$ParserState                                    : loaded 2 times (x 74B)
Class org.gradle.cli.CommandLineParser$MissingOptionArgState                          : loaded 2 times (x 75B)
Class org.gradle.api.UncheckedIOException                                             : loaded 2 times (x 80B)
Class org.gradle.cli.ParsedCommandLineOption                                          : loaded 2 times (x 74B)
Class org.gradle.internal.classloader.ClasspathUtil                                   : loaded 2 times (x 69B)
Class org.gradle.cli.CommandLineParser$UnknownOptionParserState                       : loaded 2 times (x 74B)
Class org.gradle.internal.service.ServiceLookupException                              : loaded 2 times (x 80B)
Class org.gradle.cli.CommandLineParser$OptionAwareParserState                         : loaded 2 times (x 75B)
Class org.gradle.cli.CommandLineParser$OptionParserState                              : loaded 2 times (x 73B)
Class org.gradle.internal.Cast                                                        : loaded 2 times (x 69B)
Class org.gradle.cli.CommandLineConverter                                             : loaded 2 times (x 68B)
Class org.gradle.cli.AbstractCommandLineConverter                                     : loaded 2 times (x 77B)
Class org.gradle.cli.CommandLineArgumentException                                     : loaded 2 times (x 80B)


---------------  S Y S T E M  ---------------

OS:
 Windows 11 , 64 bit Build 22621 (10.0.22621.3374)
OS uptime: 0 days 1:54 hours

CPU: total 8 (initial active 8) (8 cores per cpu, 2 threads per core) family 23 model 24 stepping 1 microcode 0x0, cx8, cmov, fxsr, ht, mmx, 3dnowpref, sse, sse2, sse3, ssse3, sse4a, sse4.1, sse4.2, popcnt, lzcnt, tsc, tscinvbit, avx, avx2, aes, clmul, bmi1, bmi2, adx, sha, fma, vzeroupper, clflush, clflushopt

Memory: 4k page, system-wide physical 3522M (5M free)
TotalPageFile size 14274M (AvailPageFile size 8M)
current process WorkingSet (physical memory assigned to process): 28M, peak: 42M
current process commit charge ("private bytes"): 146M, peak: 148M

vm_info: OpenJDK 64-Bit Server VM (17.0.7+0-b2043.56-10550314) for windows-amd64 JRE (17.0.7+0-b2043.56-10550314), built on Jul 24 2023 18:27:45 by "androidbuild" with MS VC++ 16.10 / 16.11 (VS2019)

END.
