#
# There is insufficient memory for the Java Runtime Environment to continue.
# Native memory allocation (malloc) failed to allocate 774096 bytes for Chunk::new
# Possible reasons:
#   The system is out of physical RAM or swap space
#   The process is running with CompressedOops enabled, and the Java Heap may be blocking the growth of the native heap
# Possible solutions:
#   Reduce memory load on the system
#   Increase physical memory or swap space
#   Check if swap backing store is full
#   Decrease Java heap size (-Xmx/-Xms)
#   Decrease number of Java threads
#   Decrease Java thread stack sizes (-Xss)
#   Set larger code cache with -XX:ReservedCodeCacheSize=
#   JVM is running with Zero Based Compressed Oops mode in which the Java heap is
#     placed in the first 32GB address space. The Java Heap base address is the
#     maximum limit for the native heap growth. Please use -XX:HeapBaseMinAddress
#     to set the Java Heap base and to place the Java Heap above 32GB virtual address.
# This output file may be truncated or incomplete.
#
#  Out of Memory Error (arena.cpp:189), pid=14512, tid=14432
#
# JRE version: OpenJDK Runtime Environment (17.0.7) (build 17.0.7+0-b2043.56-10550314)
# Java VM: OpenJDK 64-Bit Server VM (17.0.7+0-b2043.56-10550314, mixed mode, tiered, compressed oops, compressed class ptrs, g1 gc, windows-amd64)
# No core dump will be written. Minidumps are not enabled by default on client versions of Windows
#

---------------  S U M M A R Y ------------

Command Line: --add-opens=java.base/java.util=ALL-UNNAMED --add-opens=java.base/java.lang=ALL-UNNAMED --add-opens=java.base/java.lang.invoke=ALL-UNNAMED --add-opens=java.base/java.util=ALL-UNNAMED --add-opens=java.prefs/java.util.prefs=ALL-UNNAMED --add-opens=java.prefs/java.util.prefs=ALL-UNNAMED --add-opens=java.base/java.nio.charset=ALL-UNNAMED --add-opens=java.base/java.net=ALL-UNNAMED --add-opens=java.base/java.util.concurrent.atomic=ALL-UNNAMED -Xmx4G -Dfile.encoding=windows-1252 -Duser.country=US -Duser.language=en -Duser.variant org.gradle.launcher.daemon.bootstrap.GradleDaemon 7.5

Host: AMD Ryzen 7 3750H with Radeon Vega Mobile Gfx  , 8 cores, 3G,  Windows 11 , 64 bit Build 22621 (10.0.22621.3374)
Time: Wed Apr 17 16:41:22 2024 Malay Peninsula Standard Time elapsed time: 7.705462 seconds (0d 0h 0m 7s)

---------------  T H R E A D  ---------------

Current thread (0x000001cb7f001bc0):  JavaThread "C2 CompilerThread0" daemon [_thread_in_native, id=14432, stack(0x0000007f33e00000,0x0000007f33f00000)]


Current CompileTask:
C2:   7705 2085   !   4       java.lang.ClassLoader::loadClass (121 bytes)

Stack: [0x0000007f33e00000,0x0000007f33f00000]
Native frames: (J=compiled Java code, j=interpreted, Vv=VM code, C=native code)
V  [jvm.dll+0x683bfa]
V  [jvm.dll+0x8430a4]
V  [jvm.dll+0x8449be]
V  [jvm.dll+0x845023]
V  [jvm.dll+0x24ad2f]
V  [jvm.dll+0xac25c]
V  [jvm.dll+0xac82c]
V  [jvm.dll+0x2b218f]
V  [jvm.dll+0x58c2f7]
V  [jvm.dll+0x225a12]
V  [jvm.dll+0x225def]
V  [jvm.dll+0x21f0b5]
V  [jvm.dll+0x21c56b]
V  [jvm.dll+0x1a605d]
V  [jvm.dll+0x22c148]
V  [jvm.dll+0x22a209]
V  [jvm.dll+0x7f858c]
V  [jvm.dll+0x7f2aea]
V  [jvm.dll+0x682a35]
C  [ucrtbase.dll+0x29333]
C  [KERNEL32.DLL+0x1257d]
C  [ntdll.dll+0x5aa48]


---------------  P R O C E S S  ---------------

Threads class SMR info:
_java_thread_list=0x000001cb19442d50, length=25, elements={
0x000001cb755c5000, 0x000001cb7efe3b10, 0x000001cb7efe6950, 0x000001cb7effc170,
0x000001cb7effdc40, 0x000001cb7effe700, 0x000001cb7f000fd0, 0x000001cb7f001bc0,
0x000001cb7f2de8f0, 0x000001cb7f2e19f0, 0x000001cb7f42e960, 0x000001cb7f430e40,
0x000001cb1a0bff00, 0x000001cb19e45880, 0x000001cb1902e750, 0x000001cb1a327000,
0x000001cb1a040040, 0x000001cb1942ec80, 0x000001cb1942ffc0, 0x000001cb19430960,
0x000001cb1942de10, 0x000001cb1942e2e0, 0x000001cb1942faf0, 0x000001cb19431300,
0x000001cb19430e30
}

Java Threads: ( => current thread )
  0x000001cb755c5000 JavaThread "main" [_thread_blocked, id=1892, stack(0x0000007f33100000,0x0000007f33200000)]
  0x000001cb7efe3b10 JavaThread "Reference Handler" daemon [_thread_blocked, id=14776, stack(0x0000007f33800000,0x0000007f33900000)]
  0x000001cb7efe6950 JavaThread "Finalizer" daemon [_thread_blocked, id=11824, stack(0x0000007f33900000,0x0000007f33a00000)]
  0x000001cb7effc170 JavaThread "Signal Dispatcher" daemon [_thread_blocked, id=15860, stack(0x0000007f33a00000,0x0000007f33b00000)]
  0x000001cb7effdc40 JavaThread "Attach Listener" daemon [_thread_blocked, id=976, stack(0x0000007f33b00000,0x0000007f33c00000)]
  0x000001cb7effe700 JavaThread "Service Thread" daemon [_thread_blocked, id=10224, stack(0x0000007f33c00000,0x0000007f33d00000)]
  0x000001cb7f000fd0 JavaThread "Monitor Deflation Thread" daemon [_thread_blocked, id=10668, stack(0x0000007f33d00000,0x0000007f33e00000)]
=>0x000001cb7f001bc0 JavaThread "C2 CompilerThread0" daemon [_thread_in_native, id=14432, stack(0x0000007f33e00000,0x0000007f33f00000)]
  0x000001cb7f2de8f0 JavaThread "C1 CompilerThread0" daemon [_thread_blocked, id=14588, stack(0x0000007f33f00000,0x0000007f34000000)]
  0x000001cb7f2e19f0 JavaThread "Sweeper thread" daemon [_thread_blocked, id=10332, stack(0x0000007f34000000,0x0000007f34100000)]
  0x000001cb7f42e960 JavaThread "Common-Cleaner" daemon [_thread_blocked, id=13736, stack(0x0000007f34100000,0x0000007f34200000)]
  0x000001cb7f430e40 JavaThread "Notification Thread" daemon [_thread_blocked, id=3596, stack(0x0000007f34200000,0x0000007f34300000)]
  0x000001cb1a0bff00 JavaThread "Daemon health stats" [_thread_blocked, id=16040, stack(0x0000007f34800000,0x0000007f34900000)]
  0x000001cb19e45880 JavaThread "Incoming local TCP Connector on port 61410" [_thread_in_native, id=3888, stack(0x0000007f34900000,0x0000007f34a00000)]
  0x000001cb1902e750 JavaThread "Daemon periodic checks" [_thread_blocked, id=12992, stack(0x0000007f34a00000,0x0000007f34b00000)]
  0x000001cb1a327000 JavaThread "Daemon" [_thread_blocked, id=9688, stack(0x0000007f34b00000,0x0000007f34c00000)]
  0x000001cb1a040040 JavaThread "Handler for socket connection from /127.0.0.1:61410 to /127.0.0.1:61411" [_thread_in_native, id=13600, stack(0x0000007f34c00000,0x0000007f34d00000)]
  0x000001cb1942ec80 JavaThread "Cancel handler" [_thread_blocked, id=15076, stack(0x0000007f34d00000,0x0000007f34e00000)]
  0x000001cb1942ffc0 JavaThread "Daemon worker" [_thread_in_native, id=10400, stack(0x0000007f34e00000,0x0000007f34f00000)]
  0x000001cb19430960 JavaThread "Asynchronous log dispatcher for DefaultDaemonConnection: socket connection from /127.0.0.1:61410 to /127.0.0.1:61411" [_thread_blocked, id=7932, stack(0x0000007f34f00000,0x0000007f35000000)]
  0x000001cb1942de10 JavaThread "Stdin handler" [_thread_blocked, id=3324, stack(0x0000007f35000000,0x0000007f35100000)]
  0x000001cb1942e2e0 JavaThread "Daemon client event forwarder" [_thread_blocked, id=3320, stack(0x0000007f35100000,0x0000007f35200000)]
  0x000001cb1942faf0 JavaThread "Cache worker for journal cache (C:\Users\User\.gradle\caches\journal-1)" [_thread_blocked, id=2120, stack(0x0000007f35500000,0x0000007f35600000)]
  0x000001cb19431300 JavaThread "File lock request listener" [_thread_in_native, id=10948, stack(0x0000007f35600000,0x0000007f35700000)]
  0x000001cb19430e30 JavaThread "Cache worker for file hash cache (C:\Users\User\.gradle\caches\7.5\fileHashes)" [_thread_blocked, id=8336, stack(0x0000007f35800000,0x0000007f35900000)]

Other Threads:
  0x000001cb7f015420 VMThread "VM Thread" [stack: 0x0000007f33700000,0x0000007f33800000] [id=13560]
  0x000001cb7f42c230 WatcherThread [stack: 0x0000007f34300000,0x0000007f34400000] [id=12640]
  0x000001cb75639d30 GCTaskThread "GC Thread#0" [stack: 0x0000007f33200000,0x0000007f33300000] [id=7464]
  0x000001cb190bc270 GCTaskThread "GC Thread#1" [stack: 0x0000007f34400000,0x0000007f34500000] [id=752]
  0x000001cb190bce30 GCTaskThread "GC Thread#2" [stack: 0x0000007f34500000,0x0000007f34600000] [id=2260]
  0x000001cb191db210 GCTaskThread "GC Thread#3" [stack: 0x0000007f34600000,0x0000007f34700000] [id=14240]
  0x000001cb7f8eef90 GCTaskThread "GC Thread#4" [stack: 0x0000007f34700000,0x0000007f34800000] [id=10200]
  0x000001cb193e4c50 GCTaskThread "GC Thread#5" [stack: 0x0000007f35200000,0x0000007f35300000] [id=12160]
  0x000001cb192083a0 GCTaskThread "GC Thread#6" [stack: 0x0000007f35300000,0x0000007f35400000] [id=14412]
  0x000001cb19208650 GCTaskThread "GC Thread#7" [stack: 0x0000007f35400000,0x0000007f35500000] [id=1756]
  0x000001cb7564ab10 ConcurrentGCThread "G1 Main Marker" [stack: 0x0000007f33300000,0x0000007f33400000] [id=13428]
  0x000001cb7564bb60 ConcurrentGCThread "G1 Conc#0" [stack: 0x0000007f33400000,0x0000007f33500000] [id=13836]
  0x000001cb7f9c25c0 ConcurrentGCThread "G1 Conc#1" [stack: 0x0000007f35700000,0x0000007f35800000] [id=9088]
  0x000001cb7567e800 ConcurrentGCThread "G1 Refine#0" [stack: 0x0000007f33500000,0x0000007f33600000] [id=4948]
  0x000001cb7ee551d0 ConcurrentGCThread "G1 Service" [stack: 0x0000007f33600000,0x0000007f33700000] [id=11484]

Threads with active compile tasks:
C2 CompilerThread0     7754 2085   !   4       java.lang.ClassLoader::loadClass (121 bytes)

VM state: not at safepoint (normal execution)

VM Mutex/Monitor currently owned by a thread: None

Heap address: 0x0000000700000000, size: 4096 MB, Compressed Oops mode: Zero based, Oop shift amount: 3

CDS archive(s) not mapped
Compressed class space mapped at: 0x0000000800000000-0x0000000840000000, reserved size: 1073741824
Narrow klass base: 0x0000000800000000, Narrow klass shift: 0, Narrow klass range: 0x40000000

GC Precious Log:
 CPUs: 8 total, 8 available
 Memory: 3522M
 Large Page Support: Disabled
 NUMA Support: Disabled
 Compressed Oops: Enabled (Zero based)
 Heap Region Size: 2M
 Heap Min Capacity: 8M
 Heap Initial Capacity: 56M
 Heap Max Capacity: 4G
 Pre-touch: Disabled
 Parallel Workers: 8
 Concurrent Workers: 2
 Concurrent Refinement Workers: 8
 Periodic GC: Disabled

Heap:
 garbage-first heap   total 57344K, used 24547K [0x0000000700000000, 0x0000000800000000)
  region size 2048K, 5 young (10240K), 1 survivors (2048K)
 Metaspace       used 22632K, committed 22912K, reserved 1114112K
  class space    used 2820K, committed 2944K, reserved 1048576K

Heap Regions: E=young(eden), S=young(survivor), O=old, HS=humongous(starts), HC=humongous(continues), CS=collection set, F=free, OA=open archive, CA=closed archive, TAMS=top-at-mark-start (previous, next)
|   0|0x0000000700000000, 0x0000000700200000, 0x0000000700200000|100%| O|  |TAMS 0x0000000700200000, 0x0000000700000000| Untracked 
|   1|0x0000000700200000, 0x0000000700400000, 0x0000000700400000|100%| O|  |TAMS 0x0000000700400000, 0x0000000700200000| Untracked 
|   2|0x0000000700400000, 0x0000000700600000, 0x0000000700600000|100%|HS|  |TAMS 0x0000000700600000, 0x0000000700400000| Complete 
|   3|0x0000000700600000, 0x0000000700800000, 0x0000000700800000|100%|HC|  |TAMS 0x0000000700800000, 0x0000000700600000| Complete 
|   4|0x0000000700800000, 0x0000000700a00000, 0x0000000700a00000|100%| O|  |TAMS 0x0000000700a00000, 0x0000000700800000| Untracked 
|   5|0x0000000700a00000, 0x0000000700c00000, 0x0000000700c00000|100%| O|  |TAMS 0x0000000700c00000, 0x0000000700a00000| Untracked 
|   6|0x0000000700c00000, 0x0000000700e00000, 0x0000000700e00000|100%| O|  |TAMS 0x0000000700e00000, 0x0000000700c00000| Untracked 
|   7|0x0000000700e00000, 0x0000000701000000, 0x0000000701000000|100%| O|  |TAMS 0x0000000700e6ec00, 0x0000000700e00000| Untracked 
|   8|0x0000000701000000, 0x0000000701128800, 0x0000000701200000| 57%| O|  |TAMS 0x0000000701000000, 0x0000000701000000| Untracked 
|   9|0x0000000701200000, 0x0000000701200000, 0x0000000701400000|  0%| F|  |TAMS 0x0000000701200000, 0x0000000701200000| Untracked 
|  10|0x0000000701400000, 0x0000000701400000, 0x0000000701600000|  0%| F|  |TAMS 0x0000000701400000, 0x0000000701400000| Untracked 
|  11|0x0000000701600000, 0x0000000701600000, 0x0000000701800000|  0%| F|  |TAMS 0x0000000701600000, 0x0000000701600000| Untracked 
|  12|0x0000000701800000, 0x0000000701800000, 0x0000000701a00000|  0%| F|  |TAMS 0x0000000701800000, 0x0000000701800000| Untracked 
|  13|0x0000000701a00000, 0x0000000701a00000, 0x0000000701c00000|  0%| F|  |TAMS 0x0000000701a00000, 0x0000000701a00000| Untracked 
|  14|0x0000000701c00000, 0x0000000701c00000, 0x0000000701e00000|  0%| F|  |TAMS 0x0000000701c00000, 0x0000000701c00000| Untracked 
|  15|0x0000000701e00000, 0x0000000701e00000, 0x0000000702000000|  0%| F|  |TAMS 0x0000000701e00000, 0x0000000701e00000| Untracked 
|  16|0x0000000702000000, 0x0000000702000000, 0x0000000702200000|  0%| F|  |TAMS 0x0000000702000000, 0x0000000702000000| Untracked 
|  17|0x0000000702200000, 0x0000000702200000, 0x0000000702400000|  0%| F|  |TAMS 0x0000000702200000, 0x0000000702200000| Untracked 
|  18|0x0000000702400000, 0x0000000702400000, 0x0000000702600000|  0%| F|  |TAMS 0x0000000702400000, 0x0000000702400000| Untracked 
|  19|0x0000000702600000, 0x0000000702600000, 0x0000000702800000|  0%| F|  |TAMS 0x0000000702600000, 0x0000000702600000| Untracked 
|  20|0x0000000702800000, 0x0000000702800000, 0x0000000702a00000|  0%| F|  |TAMS 0x0000000702800000, 0x0000000702800000| Untracked 
|  21|0x0000000702a00000, 0x0000000702ad04e0, 0x0000000702c00000| 40%| S|CS|TAMS 0x0000000702a00000, 0x0000000702a00000| Complete 
|  22|0x0000000702c00000, 0x0000000702c00000, 0x0000000702e00000|  0%| F|  |TAMS 0x0000000702c00000, 0x0000000702c00000| Untracked 
|  23|0x0000000702e00000, 0x0000000702e00000, 0x0000000703000000|  0%| F|  |TAMS 0x0000000702e00000, 0x0000000702e00000| Untracked 
|  24|0x0000000703000000, 0x0000000703165ed0, 0x0000000703200000| 69%| E|  |TAMS 0x0000000703000000, 0x0000000703000000| Complete 
|  25|0x0000000703200000, 0x0000000703400000, 0x0000000703400000|100%| E|CS|TAMS 0x0000000703200000, 0x0000000703200000| Complete 
|  26|0x0000000703400000, 0x0000000703600000, 0x0000000703600000|100%| E|CS|TAMS 0x0000000703400000, 0x0000000703400000| Complete 
|  27|0x0000000703600000, 0x0000000703800000, 0x0000000703800000|100%| E|CS|TAMS 0x0000000703600000, 0x0000000703600000| Complete 

Card table byte_map: [0x000001cb795c0000,0x000001cb79dc0000] _byte_map_base: 0x000001cb75dc0000

Marking Bits (Prev, Next): (CMBitMap*) 0x000001cb7563a220, (CMBitMap*) 0x000001cb7563a1e0
 Prev Bits: [0x000001cb0f000000, 0x000001cb13000000)
 Next Bits: [0x000001cb7a5c0000, 0x000001cb7e5c0000)

Polling page: 0x000001cb73560000

Metaspace:

Usage:
  Non-class:     19.35 MB used.
      Class:      2.75 MB used.
       Both:     22.10 MB used.

Virtual space:
  Non-class space:       64.00 MB reserved,      19.50 MB ( 30%) committed,  1 nodes.
      Class space:        1.00 GB reserved,       2.88 MB ( <1%) committed,  1 nodes.
             Both:        1.06 GB reserved,      22.38 MB (  2%) committed. 

Chunk freelists:
   Non-Class:  11.59 MB
       Class:  12.95 MB
        Both:  24.54 MB

MaxMetaspaceSize: unlimited
CompressedClassSpaceSize: 1.00 GB
Initial GC threshold: 21.00 MB
Current GC threshold: 35.12 MB
CDS: off
MetaspaceReclaimPolicy: balanced
 - commit_granule_bytes: 65536.
 - commit_granule_words: 8192.
 - virtual_space_node_default_size: 8388608.
 - enlarge_chunks_in_place: 1.
 - new_chunks_are_fully_committed: 0.
 - uncommit_free_chunks: 1.
 - use_allocation_guard: 0.
 - handle_deallocations: 1.


Internal statistics:

num_allocs_failed_limit: 3.
num_arena_births: 142.
num_arena_deaths: 0.
num_vsnodes_births: 2.
num_vsnodes_deaths: 0.
num_space_committed: 358.
num_space_uncommitted: 0.
num_chunks_returned_to_freelist: 3.
num_chunks_taken_from_freelist: 581.
num_chunk_merges: 3.
num_chunk_splits: 384.
num_chunks_enlarged: 289.
num_inconsistent_stats: 0.

CodeHeap 'non-profiled nmethods': size=120000Kb used=981Kb max_used=981Kb free=119018Kb
 bounds [0x000001cb07ad0000, 0x000001cb07d40000, 0x000001cb0f000000]
CodeHeap 'profiled nmethods': size=120000Kb used=4322Kb max_used=4322Kb free=115677Kb
 bounds [0x000001cb00000000, 0x000001cb00440000, 0x000001cb07530000]
CodeHeap 'non-nmethods': size=5760Kb used=1208Kb max_used=1230Kb free=4551Kb
 bounds [0x000001cb07530000, 0x000001cb077a0000, 0x000001cb07ad0000]
 total_blobs=2621 nmethods=2105 adapters=429
 compilation: enabled
              stopped_count=0, restarted_count=0
 full_count=0

Compilation events (20 events):
Event: 7.600 Thread 0x000001cb7f2de8f0 2092       3       sun.security.provider.MD5::FF (33 bytes)
Event: 7.600 Thread 0x000001cb7f2de8f0 nmethod 2092 0x000001cb0042a010 code [0x000001cb0042a1a0, 0x000001cb0042a2b8]
Event: 7.600 Thread 0x000001cb7f2de8f0 2093       3       sun.security.provider.MD5::GG (33 bytes)
Event: 7.601 Thread 0x000001cb7f2de8f0 nmethod 2093 0x000001cb0042a390 code [0x000001cb0042a520, 0x000001cb0042a638]
Event: 7.601 Thread 0x000001cb7f2de8f0 2094       3       sun.security.provider.MD5::HH (29 bytes)
Event: 7.601 Thread 0x000001cb7f2de8f0 nmethod 2094 0x000001cb0042a710 code [0x000001cb0042a8a0, 0x000001cb0042a9b8]
Event: 7.601 Thread 0x000001cb7f2de8f0 2095       3       sun.security.provider.MD5::II (31 bytes)
Event: 7.602 Thread 0x000001cb7f2de8f0 nmethod 2095 0x000001cb0042aa90 code [0x000001cb0042ac20, 0x000001cb0042ad38]
Event: 7.613 Thread 0x000001cb7f2de8f0 2096       3       java.lang.StringBuilder::append (8 bytes)
Event: 7.613 Thread 0x000001cb7f2de8f0 nmethod 2096 0x000001cb0042ae10 code [0x000001cb0042afa0, 0x000001cb0042b0e8]
Event: 7.613 Thread 0x000001cb7f2de8f0 2097       3       java.lang.AbstractStringBuilder::append (54 bytes)
Event: 7.614 Thread 0x000001cb7f2de8f0 nmethod 2097 0x000001cb0042b190 code [0x000001cb0042b3c0, 0x000001cb0042bd28]
Event: 7.686 Thread 0x000001cb7f2de8f0 2101       3       java.lang.invoke.DirectMethodHandle::preparedLambdaForm (31 bytes)
Event: 7.687 Thread 0x000001cb7f2de8f0 nmethod 2101 0x000001cb0042be90 code [0x000001cb0042c080, 0x000001cb0042c548]
Event: 7.687 Thread 0x000001cb7f2de8f0 2103       3       jdk.internal.org.objectweb.asm.Frame::setInputFrameFromDescriptor (175 bytes)
Event: 7.688 Thread 0x000001cb7f2de8f0 nmethod 2103 0x000001cb0042c710 code [0x000001cb0042c920, 0x000001cb0042d138]
Event: 7.688 Thread 0x000001cb7f2de8f0 2104       3       jdk.internal.org.objectweb.asm.Type::getArgumentTypes (154 bytes)
Event: 7.692 Thread 0x000001cb7f2de8f0 nmethod 2104 0x000001cb0042d510 code [0x000001cb0042d9e0, 0x000001cb004302e8]
Event: 7.692 Thread 0x000001cb7f2de8f0 2105       3       java.lang.invoke.LambdaForm::useCount (61 bytes)
Event: 7.693 Thread 0x000001cb7f2de8f0 nmethod 2105 0x000001cb00431210 code [0x000001cb004313e0, 0x000001cb00431748]

GC Heap History (10 events):
Event: 1.780 GC heap before
{Heap before GC invocations=0 (full 0):
 garbage-first heap   total 57344K, used 28672K [0x0000000700000000, 0x0000000800000000)
  region size 2048K, 11 young (22528K), 0 survivors (0K)
 Metaspace       used 10193K, committed 10368K, reserved 1114112K
  class space    used 1058K, committed 1152K, reserved 1048576K
}
Event: 1.797 GC heap after
{Heap after GC invocations=1 (full 0):
 garbage-first heap   total 57344K, used 10240K [0x0000000700000000, 0x0000000800000000)
  region size 2048K, 2 young (4096K), 2 survivors (4096K)
 Metaspace       used 10193K, committed 10368K, reserved 1114112K
  class space    used 1058K, committed 1152K, reserved 1048576K
}
Event: 3.319 GC heap before
{Heap before GC invocations=1 (full 0):
 garbage-first heap   total 57344K, used 28672K [0x0000000700000000, 0x0000000800000000)
  region size 2048K, 11 young (22528K), 2 survivors (4096K)
 Metaspace       used 11115K, committed 11328K, reserved 1114112K
  class space    used 1160K, committed 1280K, reserved 1048576K
}
Event: 3.326 GC heap after
{Heap after GC invocations=2 (full 0):
 garbage-first heap   total 57344K, used 10696K [0x0000000700000000, 0x0000000800000000)
  region size 2048K, 1 young (2048K), 1 survivors (2048K)
 Metaspace       used 11115K, committed 11328K, reserved 1114112K
  class space    used 1160K, committed 1280K, reserved 1048576K
}
Event: 4.205 GC heap before
{Heap before GC invocations=2 (full 0):
 garbage-first heap   total 57344K, used 29128K [0x0000000700000000, 0x0000000800000000)
  region size 2048K, 11 young (22528K), 1 survivors (2048K)
 Metaspace       used 11668K, committed 11840K, reserved 1114112K
  class space    used 1280K, committed 1408K, reserved 1048576K
}
Event: 4.212 GC heap after
{Heap after GC invocations=3 (full 0):
 garbage-first heap   total 57344K, used 14840K [0x0000000700000000, 0x0000000800000000)
  region size 2048K, 2 young (4096K), 2 survivors (4096K)
 Metaspace       used 11668K, committed 11840K, reserved 1114112K
  class space    used 1280K, committed 1408K, reserved 1048576K
}
Event: 6.015 GC heap before
{Heap before GC invocations=3 (full 0):
 garbage-first heap   total 57344K, used 33272K [0x0000000700000000, 0x0000000800000000)
  region size 2048K, 11 young (22528K), 2 survivors (4096K)
 Metaspace       used 18838K, committed 19072K, reserved 1114112K
  class space    used 2229K, committed 2304K, reserved 1048576K
}
Event: 6.022 GC heap after
{Heap after GC invocations=4 (full 0):
 garbage-first heap   total 57344K, used 17628K [0x0000000700000000, 0x0000000800000000)
  region size 2048K, 2 young (4096K), 2 survivors (4096K)
 Metaspace       used 18838K, committed 19072K, reserved 1114112K
  class space    used 2229K, committed 2304K, reserved 1048576K
}
Event: 6.970 GC heap before
{Heap before GC invocations=4 (full 0):
 garbage-first heap   total 57344K, used 25820K [0x0000000700000000, 0x0000000800000000)
  region size 2048K, 8 young (16384K), 2 survivors (4096K)
 Metaspace       used 21310K, committed 21504K, reserved 1114112K
  class space    used 2590K, committed 2688K, reserved 1048576K
}
Event: 6.975 GC heap after
{Heap after GC invocations=5 (full 0):
 garbage-first heap   total 57344K, used 18403K [0x0000000700000000, 0x0000000800000000)
  region size 2048K, 1 young (2048K), 1 survivors (2048K)
 Metaspace       used 21310K, committed 21504K, reserved 1114112K
  class space    used 2590K, committed 2688K, reserved 1048576K
}

Dll operation events (2 events):
Event: 0.011 Loaded shared library C:\Program Files\Android\Android Studio\jbr\bin\java.dll
Event: 0.953 Loaded shared library C:\Program Files\Android\Android Studio\jbr\bin\verify.dll

Deoptimization events (20 events):
Event: 6.348 Thread 0x000001cb1942ffc0 Uncommon trap: trap_request=0xffffff45 fr.pc=0x000001cb07ae47cc relative=0x00000000000001ac
Event: 6.348 Thread 0x000001cb1942ffc0 Uncommon trap: reason=unstable_if action=reinterpret pc=0x000001cb07ae47cc method=java.util.regex.Matcher.reset()Ljava/util/regex/Matcher; @ 47 c2
Event: 6.348 Thread 0x000001cb1942ffc0 DEOPT PACKING pc=0x000001cb07ae47cc sp=0x0000007f34efaa70
Event: 6.348 Thread 0x000001cb1942ffc0 DEOPT UNPACKING pc=0x000001cb075869a3 sp=0x0000007f34efaa00 mode 2
Event: 6.386 Thread 0x000001cb1942ffc0 Uncommon trap: trap_request=0xffffff45 fr.pc=0x000001cb07b67758 relative=0x0000000000000738
Event: 6.386 Thread 0x000001cb1942ffc0 Uncommon trap: reason=unstable_if action=reinterpret pc=0x000001cb07b67758 method=java.util.ArrayList.grow(I)[Ljava/lang/Object; @ 17 c2
Event: 6.386 Thread 0x000001cb1942ffc0 DEOPT PACKING pc=0x000001cb07b67758 sp=0x0000007f34efcca0
Event: 6.386 Thread 0x000001cb1942ffc0 DEOPT UNPACKING pc=0x000001cb075869a3 sp=0x0000007f34efcb38 mode 2
Event: 6.579 Thread 0x000001cb1942ffc0 Uncommon trap: trap_request=0xffffff45 fr.pc=0x000001cb07ae98bc relative=0x0000000000000abc
Event: 6.579 Thread 0x000001cb1942ffc0 Uncommon trap: reason=unstable_if action=reinterpret pc=0x000001cb07ae98bc method=java.io.WinNTFileSystem.resolve(Ljava/lang/String;Ljava/lang/String;)Ljava/lang/String; @ 19 c2
Event: 6.579 Thread 0x000001cb1942ffc0 DEOPT PACKING pc=0x000001cb07ae98bc sp=0x0000007f34efcbb0
Event: 6.579 Thread 0x000001cb1942ffc0 DEOPT UNPACKING pc=0x000001cb075869a3 sp=0x0000007f34efcb58 mode 2
Event: 6.582 Thread 0x000001cb1942ffc0 Uncommon trap: trap_request=0xffffff45 fr.pc=0x000001cb07b3ec34 relative=0x0000000000000594
Event: 6.582 Thread 0x000001cb1942ffc0 Uncommon trap: reason=unstable_if action=reinterpret pc=0x000001cb07b3ec34 method=java.io.File.getName()Ljava/lang/String; @ 16 c2
Event: 6.582 Thread 0x000001cb1942ffc0 DEOPT PACKING pc=0x000001cb07b3ec34 sp=0x0000007f34efcb50
Event: 6.582 Thread 0x000001cb1942ffc0 DEOPT UNPACKING pc=0x000001cb075869a3 sp=0x0000007f34efcb20 mode 2
Event: 7.303 Thread 0x000001cb1942ffc0 Uncommon trap: trap_request=0xffffff45 fr.pc=0x000001cb07b8b1c0 relative=0x00000000000000a0
Event: 7.303 Thread 0x000001cb1942ffc0 Uncommon trap: reason=unstable_if action=reinterpret pc=0x000001cb07b8b1c0 method=jdk.internal.misc.Unsafe.convEndian(ZI)I @ 4 c2
Event: 7.304 Thread 0x000001cb1942ffc0 DEOPT PACKING pc=0x000001cb07b8b1c0 sp=0x0000007f34efa880
Event: 7.304 Thread 0x000001cb1942ffc0 DEOPT UNPACKING pc=0x000001cb075869a3 sp=0x0000007f34efa730 mode 2

Classes unloaded (0 events):
No events

Classes redefined (0 events):
No events

Internal exceptions (20 events):
Event: 1.364 Thread 0x000001cb755c5000 Exception <a 'java/lang/NoSuchMethodError'{0x0000000702409cf0}: 'java.lang.Object java.lang.invoke.Invokers$Holder.invokeExact_MT(java.lang.Object, java.lang.Object, java.lang.Object, java.lang.Object)'> (0x0000000702409cf0) 
thrown [s\src\hotspot\share\interpreter\linkResolver.cpp, line 771]
Event: 2.416 Thread 0x000001cb755c5000 Exception <a 'java/lang/NoSuchMethodError'{0x000000070325a948}: 'void java.lang.invoke.DirectMethodHandle$Holder.invokeInterface(java.lang.Object, java.lang.Object, java.lang.Object)'> (0x000000070325a948) 
thrown [s\src\hotspot\share\interpreter\linkResolver.cpp, line 771]
Event: 4.394 Thread 0x000001cb755c5000 Exception <a 'java/lang/NoSuchMethodError'{0x00000007034910b0}: 'java.lang.Object java.lang.invoke.DirectMethodHandle$Holder.invokeStaticInit(java.lang.Object)'> (0x00000007034910b0) 
thrown [s\src\hotspot\share\interpreter\linkResolver.cpp, line 771]
Event: 4.643 Thread 0x000001cb755c5000 Exception <a 'java/lang/NoSuchMethodError'{0x000000070319e5d0}: 'java.lang.Object java.lang.invoke.DirectMethodHandle$Holder.invokeStaticInit(java.lang.Object, int, int, int, int)'> (0x000000070319e5d0) 
thrown [s\src\hotspot\share\interpreter\linkResolver.cpp, line 771]
Event: 4.800 Thread 0x000001cb755c5000 Exception <a 'java/lang/NoSuchMethodError'{0x0000000702e89cf0}: 'java.lang.Object java.lang.invoke.DirectMethodHandle$Holder.invokeStaticInit(java.lang.Object, java.lang.Object, int, int, int, int)'> (0x0000000702e89cf0) 
thrown [s\src\hotspot\share\interpreter\linkResolver.cpp, line 771]
Event: 5.369 Thread 0x000001cb755c5000 Exception <a 'java/lang/NoSuchMethodError'{0x0000000702fdc478}: 'void java.lang.invoke.DirectMethodHandle$Holder.invokeStatic(java.lang.Object, java.lang.Object, java.lang.Object)'> (0x0000000702fdc478) 
thrown [s\src\hotspot\share\interpreter\linkResolver.cpp, line 771]
Event: 5.474 Thread 0x000001cb755c5000 Exception <a 'java/io/IOException'{0x0000000702c843a8}> (0x0000000702c843a8) 
thrown [s\src\hotspot\share\prims\jni.cpp, line 517]
Event: 5.899 Thread 0x000001cb1942ffc0 Exception <a 'java/lang/NoSuchMethodError'{0x00000007029faa88}: 'long java.lang.invoke.DirectMethodHandle$Holder.invokeInterface(java.lang.Object, java.lang.Object)'> (0x00000007029faa88) 
thrown [s\src\hotspot\share\interpreter\linkResolver.cpp, line 771]
Event: 5.902 Thread 0x000001cb1942ffc0 Exception <a 'java/lang/NoSuchMethodError'{0x0000000702609090}: 'void java.lang.invoke.DelegatingMethodHandle$Holder.reinvoke_L(java.lang.Object, java.lang.Object, java.lang.Object, java.lang.Object, java.lang.Object, java.lang.Object, java.lang.Object)'> (0x0000000702609090) 
thrown [s\src\hotspot\share\interpreter\linkResolver.cpp, line 771]
Event: 6.175 Thread 0x000001cb1942ffc0 Exception <a 'java/lang/NoSuchMethodError'{0x000000070345e238}: 'void java.lang.invoke.DirectMethodHandle$Holder.invokeStaticInit(java.lang.Object)'> (0x000000070345e238) 
thrown [s\src\hotspot\share\interpreter\linkResolver.cpp, line 771]
Event: 6.179 Thread 0x000001cb1942ffc0 Exception <a 'java/lang/NoSuchMethodError'{0x00000007034722b0}: 'void java.lang.invoke.DirectMethodHandle$Holder.invokeSpecial(java.lang.Object, java.lang.Object, java.lang.Object)'> (0x00000007034722b0) 
thrown [s\src\hotspot\share\interpreter\linkResolver.cpp, line 771]
Event: 6.211 Thread 0x000001cb1942ffc0 Exception <a 'java/lang/NoSuchMethodError'{0x000000070350a5e8}: 'java.lang.Object java.lang.invoke.DirectMethodHandle$Holder.newInvokeSpecial(java.lang.Object, java.lang.Object, java.lang.Object, int)'> (0x000000070350a5e8) 
thrown [s\src\hotspot\share\interpreter\linkResolver.cpp, line 771]
Event: 6.211 Thread 0x000001cb1942ffc0 Exception <a 'java/lang/NoSuchMethodError'{0x000000070350ef18}: 'java.lang.Object java.lang.invoke.DirectMethodHandle$Holder.invokeSpecial(java.lang.Object, java.lang.Object, java.lang.Object, java.lang.Object, int)'> (0x000000070350ef18) 
thrown [s\src\hotspot\share\interpreter\linkResolver.cpp, line 771]
Event: 6.212 Thread 0x000001cb1942ffc0 Exception <a 'java/lang/NoSuchMethodError'{0x0000000703513030}: 'java.lang.Object java.lang.invoke.Invokers$Holder.linkToTargetMethod(java.lang.Object, java.lang.Object, int, java.lang.Object)'> (0x0000000703513030) 
thrown [s\src\hotspot\share\interpreter\linkResolver.cpp, line 771]
Event: 6.686 Thread 0x000001cb1942ffc0 Exception <a 'java/lang/NoSuchMethodError'{0x0000000702c0dc90}: 'java.lang.Object java.lang.invoke.DirectMethodHandle$Holder.newInvokeSpecial(java.lang.Object, java.lang.Object, java.lang.Object, java.lang.Object, java.lang.Object, java.lang.Object)'> (0x0000000702c0dc90) 
thrown [s\src\hotspot\share\interpreter\linkResolver.cpp, line 771]
Event: 7.432 Thread 0x000001cb1942ffc0 Exception <a 'java/lang/NoSuchMethodError'{0x000000070320c190}: 'int java.lang.invoke.DirectMethodHandle$Holder.invokeSpecialIFC(java.lang.Object, java.lang.Object, java.lang.Object, java.lang.Object)'> (0x000000070320c190) 
thrown [s\src\hotspot\share\interpreter\linkResolver.cpp, line 771]
Event: 7.442 Thread 0x000001cb1942ffc0 Exception <a 'java/lang/NoSuchMethodError'{0x000000070321b1e8}: 'java.lang.Object java.lang.invoke.DirectMethodHandle$Holder.invokeInterface(java.lang.Object, java.lang.Object, java.lang.Object)'> (0x000000070321b1e8) 
thrown [s\src\hotspot\share\interpreter\linkResolver.cpp, line 771]
Event: 7.443 Thread 0x000001cb1942ffc0 Exception <a 'java/lang/IncompatibleClassChangeError'{0x000000070321f0c0}: Found class java.lang.Object, but interface was expected> (0x000000070321f0c0) 
thrown [s\src\hotspot\share\interpreter\linkResolver.cpp, line 838]
Event: 7.687 Thread 0x000001cb1942ffc0 Exception <a 'java/lang/NoSuchMethodError'{0x00000007030d1e98}: 'int java.lang.invoke.DirectMethodHandle$Holder.invokeStatic(java.lang.Object, java.lang.Object, java.lang.Object, java.lang.Object)'> (0x00000007030d1e98) 
thrown [s\src\hotspot\share\interpreter\linkResolver.cpp, line 771]
Event: 7.688 Thread 0x000001cb1942ffc0 Exception <a 'java/lang/NoSuchMethodError'{0x00000007030d5d68}: 'java.lang.Object java.lang.invoke.Invokers$Holder.invokeExact_MT(java.lang.Object, java.lang.Object, java.lang.Object, java.lang.Object, java.lang.Object, java.lang.Object)'> (0x00000007030d5d68) 
thrown [s\src\hotspot\share\interpreter\linkResolver.cpp, line 771]

VM Operations (20 events):
Event: 5.364 Executing VM operation: HandshakeAllThreads
Event: 5.364 Executing VM operation: HandshakeAllThreads done
Event: 5.364 Executing VM operation: Cleanup
Event: 5.366 Executing VM operation: Cleanup done
Event: 5.611 Executing VM operation: HandshakeAllThreads
Event: 5.611 Executing VM operation: HandshakeAllThreads done
Event: 6.015 Executing VM operation: G1CollectForAllocation
Event: 6.022 Executing VM operation: G1CollectForAllocation done
Event: 6.604 Executing VM operation: HandshakeAllThreads
Event: 6.605 Executing VM operation: HandshakeAllThreads done
Event: 6.757 Executing VM operation: HandshakeAllThreads
Event: 6.757 Executing VM operation: HandshakeAllThreads done
Event: 6.760 Executing VM operation: HandshakeAllThreads
Event: 6.760 Executing VM operation: HandshakeAllThreads done
Event: 6.970 Executing VM operation: CollectForMetadataAllocation
Event: 6.976 Executing VM operation: CollectForMetadataAllocation done
Event: 6.989 Executing VM operation: G1Concurrent
Event: 6.992 Executing VM operation: G1Concurrent done
Event: 6.996 Executing VM operation: G1Concurrent
Event: 6.997 Executing VM operation: G1Concurrent done

Events (20 events):
Event: 7.416 loading class java/util/concurrent/locks/ReadWriteLock
Event: 7.416 loading class java/util/concurrent/locks/ReadWriteLock done
Event: 7.421 loading class java/nio/file/FileVisitOption
Event: 7.422 loading class java/nio/file/FileVisitOption done
Event: 7.444 loading class java/util/stream/ReduceOps$1
Event: 7.445 loading class java/util/stream/ReduceOps$1 done
Event: 7.445 loading class java/util/stream/ReduceOps$1ReducingSink
Event: 7.446 loading class java/util/stream/ReduceOps$1ReducingSink done
Event: 7.454 loading class java/util/regex/Pattern$Dollar
Event: 7.454 loading class java/util/regex/Pattern$Dollar done
Event: 7.465 loading class java/io/ObjectInputStream
Event: 7.467 loading class java/io/ObjectInput
Event: 7.468 loading class java/io/ObjectInput done
Event: 7.468 loading class java/io/ObjectStreamConstants
Event: 7.468 loading class java/io/ObjectStreamConstants done
Event: 7.468 loading class java/io/ObjectInputStream done
Event: 7.470 loading class java/io/ObjectOutputStream
Event: 7.472 loading class java/io/ObjectOutput
Event: 7.472 loading class java/io/ObjectOutput done
Event: 7.474 loading class java/io/ObjectOutputStream done


Dynamic libraries:
0x00007ff661710000 - 0x00007ff66171a000 	C:\Program Files\Android\Android Studio\jbr\bin\java.exe
0x00007ffa598d0000 - 0x00007ffa59ae6000 	C:\WINDOWS\SYSTEM32\ntdll.dll
0x00007ffa58d90000 - 0x00007ffa58e54000 	C:\WINDOWS\System32\KERNEL32.DLL
0x00007ffa56f50000 - 0x00007ffa572f7000 	C:\WINDOWS\System32\KERNELBASE.dll
0x00007ffa56c70000 - 0x00007ffa56d81000 	C:\WINDOWS\System32\ucrtbase.dll
0x00007ffa34de0000 - 0x00007ffa34df7000 	C:\Program Files\Android\Android Studio\jbr\bin\jli.dll
0x00007ffa34dc0000 - 0x00007ffa34ddb000 	C:\Program Files\Android\Android Studio\jbr\bin\VCRUNTIME140.dll
0x00007ffa59150000 - 0x00007ffa592fe000 	C:\WINDOWS\System32\USER32.dll
0x00007ffa44ca0000 - 0x00007ffa44f33000 	C:\WINDOWS\WinSxS\amd64_microsoft.windows.common-controls_6595b64144ccf1df_6.0.22621.3235_none_270f74e173860f98\COMCTL32.dll
0x00007ffa575d0000 - 0x00007ffa575f6000 	C:\WINDOWS\System32\win32u.dll
0x00007ffa59850000 - 0x00007ffa59879000 	C:\WINDOWS\System32\GDI32.dll
0x00007ffa593a0000 - 0x00007ffa59447000 	C:\WINDOWS\System32\msvcrt.dll
0x00007ffa56d90000 - 0x00007ffa56ea9000 	C:\WINDOWS\System32\gdi32full.dll
0x00007ffa56eb0000 - 0x00007ffa56f4a000 	C:\WINDOWS\System32\msvcp_win.dll
0x00007ffa58e60000 - 0x00007ffa58e91000 	C:\WINDOWS\System32\IMM32.DLL
0x00007ffa366e0000 - 0x00007ffa366ec000 	C:\Program Files\Android\Android Studio\jbr\bin\vcruntime140_1.dll
0x00007ff9e2530000 - 0x00007ff9e25bd000 	C:\Program Files\Android\Android Studio\jbr\bin\msvcp140.dll
0x00007ff9b37e0000 - 0x00007ff9b4460000 	C:\Program Files\Android\Android Studio\jbr\bin\server\jvm.dll
0x00007ffa59450000 - 0x00007ffa59502000 	C:\WINDOWS\System32\ADVAPI32.dll
0x00007ffa58280000 - 0x00007ffa58328000 	C:\WINDOWS\System32\sechost.dll
0x00007ffa57530000 - 0x00007ffa57558000 	C:\WINDOWS\System32\bcrypt.dll
0x00007ffa580f0000 - 0x00007ffa58205000 	C:\WINDOWS\System32\RPCRT4.dll
0x00007ffa4f750000 - 0x00007ffa4f784000 	C:\WINDOWS\SYSTEM32\WINMM.dll
0x00007ffa4eae0000 - 0x00007ffa4eae9000 	C:\WINDOWS\SYSTEM32\WSOCK32.dll
0x00007ffa50980000 - 0x00007ffa5098a000 	C:\WINDOWS\SYSTEM32\VERSION.dll
0x00007ffa58f70000 - 0x00007ffa58fe1000 	C:\WINDOWS\System32\WS2_32.dll
0x00007ffa55c30000 - 0x00007ffa55c48000 	C:\WINDOWS\SYSTEM32\kernel.appcore.dll
0x00007ffa35d10000 - 0x00007ffa35d1a000 	C:\Program Files\Android\Android Studio\jbr\bin\jimage.dll
0x00007ffa547c0000 - 0x00007ffa549f3000 	C:\WINDOWS\SYSTEM32\DBGHELP.DLL
0x00007ffa58a00000 - 0x00007ffa58d88000 	C:\WINDOWS\System32\combase.dll
0x00007ffa57f60000 - 0x00007ffa58037000 	C:\WINDOWS\System32\OLEAUT32.dll
0x00007ffa401e0000 - 0x00007ffa40212000 	C:\WINDOWS\SYSTEM32\dbgcore.DLL
0x00007ffa56bf0000 - 0x00007ffa56c69000 	C:\WINDOWS\System32\bcryptPrimitives.dll
0x00007ffa25450000 - 0x00007ffa25475000 	C:\Program Files\Android\Android Studio\jbr\bin\java.dll
0x00007ffa34da0000 - 0x00007ffa34db8000 	C:\Program Files\Android\Android Studio\jbr\bin\zip.dll
0x00007ffa57700000 - 0x00007ffa57f5c000 	C:\WINDOWS\System32\SHELL32.dll
0x00007ffa54b50000 - 0x00007ffa55449000 	C:\WINDOWS\SYSTEM32\windows.storage.dll
0x00007ffa54a10000 - 0x00007ffa54b4e000 	C:\WINDOWS\SYSTEM32\wintypes.dll
0x00007ffa57600000 - 0x00007ffa576f3000 	C:\WINDOWS\System32\SHCORE.dll
0x00007ffa587d0000 - 0x00007ffa5882e000 	C:\WINDOWS\System32\shlwapi.dll
0x00007ffa56b20000 - 0x00007ffa56b41000 	C:\WINDOWS\SYSTEM32\profapi.dll
0x00007ffa25430000 - 0x00007ffa25449000 	C:\Program Files\Android\Android Studio\jbr\bin\net.dll
0x00007ffa507f0000 - 0x00007ffa50926000 	C:\WINDOWS\SYSTEM32\WINHTTP.dll
0x00007ffa560a0000 - 0x00007ffa56109000 	C:\WINDOWS\system32\mswsock.dll
0x00007ffa25180000 - 0x00007ffa25196000 	C:\Program Files\Android\Android Studio\jbr\bin\nio.dll
0x00007ffa35970000 - 0x00007ffa35980000 	C:\Program Files\Android\Android Studio\jbr\bin\verify.dll
0x00007ffa26770000 - 0x00007ffa26797000 	C:\Users\User\.gradle\native\e1d6ef7f7dcc3fd88c89a11ec53ec762bb8ba0a96d01ffa2cd45eb1d1d8dd5c5\windows-amd64\native-platform.dll
0x00007ff9cc160000 - 0x00007ff9cc2a4000 	C:\Users\User\.gradle\native\0d407fdbe67a94daf76414ababcb853783967236a71b16ec16e742cd7a986fd3\windows-amd64\native-platform-file-events.dll
0x00007ffa33d10000 - 0x00007ffa33d19000 	C:\Program Files\Android\Android Studio\jbr\bin\management.dll
0x00007ffa33070000 - 0x00007ffa3307b000 	C:\Program Files\Android\Android Studio\jbr\bin\management_ext.dll
0x00007ffa59390000 - 0x00007ffa59398000 	C:\WINDOWS\System32\PSAPI.DLL
0x00007ffa56300000 - 0x00007ffa5631b000 	C:\WINDOWS\SYSTEM32\CRYPTSP.dll
0x00007ffa55b90000 - 0x00007ffa55bc5000 	C:\WINDOWS\system32\rsaenh.dll
0x00007ffa561a0000 - 0x00007ffa561c8000 	C:\WINDOWS\SYSTEM32\USERENV.dll
0x00007ffa56320000 - 0x00007ffa5632c000 	C:\WINDOWS\SYSTEM32\CRYPTBASE.dll
0x00007ffa556f0000 - 0x00007ffa5571d000 	C:\WINDOWS\SYSTEM32\IPHLPAPI.DLL
0x00007ffa589f0000 - 0x00007ffa589f9000 	C:\WINDOWS\System32\NSI.dll
0x00007ffa505f0000 - 0x00007ffa50609000 	C:\WINDOWS\SYSTEM32\dhcpcsvc6.DLL
0x00007ffa50590000 - 0x00007ffa505af000 	C:\WINDOWS\SYSTEM32\dhcpcsvc.DLL
0x00007ffa55770000 - 0x00007ffa55869000 	C:\WINDOWS\SYSTEM32\DNSAPI.dll
0x00007ffa2bb20000 - 0x00007ffa2bb28000 	C:\WINDOWS\system32\wshunix.dll

dbghelp: loaded successfully - version: 4.0.5 - missing functions: none
symbol engine: initialized successfully - sym options: 0x614 - pdb path: .;C:\Program Files\Android\Android Studio\jbr\bin;C:\WINDOWS\SYSTEM32;C:\WINDOWS\WinSxS\amd64_microsoft.windows.common-controls_6595b64144ccf1df_6.0.22621.3235_none_270f74e173860f98;C:\Program Files\Android\Android Studio\jbr\bin\server;C:\Users\User\.gradle\native\e1d6ef7f7dcc3fd88c89a11ec53ec762bb8ba0a96d01ffa2cd45eb1d1d8dd5c5\windows-amd64;C:\Users\User\.gradle\native\0d407fdbe67a94daf76414ababcb853783967236a71b16ec16e742cd7a986fd3\windows-amd64

VM Arguments:
jvm_args: --add-opens=java.base/java.util=ALL-UNNAMED --add-opens=java.base/java.lang=ALL-UNNAMED --add-opens=java.base/java.lang.invoke=ALL-UNNAMED --add-opens=java.base/java.util=ALL-UNNAMED --add-opens=java.prefs/java.util.prefs=ALL-UNNAMED --add-opens=java.prefs/java.util.prefs=ALL-UNNAMED --add-opens=java.base/java.nio.charset=ALL-UNNAMED --add-opens=java.base/java.net=ALL-UNNAMED --add-opens=java.base/java.util.concurrent.atomic=ALL-UNNAMED -Xmx4G -Dfile.encoding=windows-1252 -Duser.country=US -Duser.language=en -Duser.variant 
java_command: org.gradle.launcher.daemon.bootstrap.GradleDaemon 7.5
java_class_path (initial): C:\Users\User\.gradle\wrapper\dists\gradle-7.5-all\6qsw290k5lz422uaf8jf6m7co\gradle-7.5\lib\gradle-launcher-7.5.jar
Launcher Type: SUN_STANDARD

[Global flags]
     intx CICompilerCount                          = 4                                         {product} {ergonomic}
     uint ConcGCThreads                            = 2                                         {product} {ergonomic}
     uint G1ConcRefinementThreads                  = 8                                         {product} {ergonomic}
   size_t G1HeapRegionSize                         = 2097152                                   {product} {ergonomic}
    uintx GCDrainStackTargetSize                   = 64                                        {product} {ergonomic}
   size_t InitialHeapSize                          = 58720256                                  {product} {ergonomic}
   size_t MarkStackSize                            = 4194304                                   {product} {ergonomic}
   size_t MaxHeapSize                              = 4294967296                                {product} {command line}
   size_t MaxNewSize                               = 2575302656                                {product} {ergonomic}
   size_t MinHeapDeltaBytes                        = 2097152                                   {product} {ergonomic}
   size_t MinHeapSize                              = 8388608                                   {product} {ergonomic}
    uintx NonNMethodCodeHeapSize                   = 5839372                                {pd product} {ergonomic}
    uintx NonProfiledCodeHeapSize                  = 122909434                              {pd product} {ergonomic}
    uintx ProfiledCodeHeapSize                     = 122909434                              {pd product} {ergonomic}
    uintx ReservedCodeCacheSize                    = 251658240                              {pd product} {ergonomic}
     bool SegmentedCodeCache                       = true                                      {product} {ergonomic}
   size_t SoftMaxHeapSize                          = 4294967296                             {manageable} {ergonomic}
     bool UseCompressedClassPointers               = true                           {product lp64_product} {ergonomic}
     bool UseCompressedOops                        = true                           {product lp64_product} {ergonomic}
     bool UseG1GC                                  = true                                      {product} {ergonomic}
     bool UseLargePagesIndividualAllocation        = false                                  {pd product} {ergonomic}

Logging:
Log output configuration:
 #0: stdout all=warning uptime,level,tags
 #1: stderr all=off uptime,level,tags

Environment Variables:
JAVA_HOME=C:\Program Files\Android\Android Studio\jbr
CLASSPATH=C:\Users\User\Desktop\api-sis\mobile\android\\gradle\wrapper\gradle-wrapper.jar
PATH=C:\Program Files\Android\Android Studio\jbr\bin;C:\ProgramData\Oracle\Java\javapath;C:\Windows\system32;C:\Windows;C:\Windows\System32\Wbem;C:\Windows\System32\WindowsPowerShell\v1.0\;C:\Windows\System32\OpenSSH\;C:\Program Files (x86)\NVIDIA Corporation\PhysX\Common;C:\WINDOWS\system32;C:\WINDOWS;C:\WINDOWS\System32\Wbem;C:\WINDOWS\System32\WindowsPowerShell\v1.0\;C:\WINDOWS\System32\OpenSSH\;C:\Users\User\AppData\Roaming\Python\Python310\Scripts;C:\Program Files\Git\cmd;C:\Program Files (x86)\Bitvise SSH Client;C:\Program Files\Android\Android Studio\bin;C:\Program Files\Flutter\flutter_windows_3.16.7-stable\flutter\bin;C:\Program Files\MySQL\MySQL Shell 8.0\bin\;C:\Users\User\AppData\Local\Programs\Python\Python311\Scripts\;C:\Users\User\AppData\Local\Programs\Python\Python311\;C:\Users\User\AppData\Local\Microsoft\WindowsApps;C:\Users\User\AppData\Local\Microsoft\WindowsApps;C:\Program Files\JetBrains\PyCharm Community Edition 2023.1\bin;;C:\MinGW\bin;C:\Users\User\AppData\Local\Programs\Microsoft VS Code\bin;C:\Program Files\Flutter\flutter_windows_3.16.7-stable\flutter\bin;C:\Program Files\Android\Android Studio\bin;;C:\Program Files\Flutter\flutter_windows_3.16.7-stable\flutter\bin\mingit\cmd;C:\Program Files\Flutter\flutter_windows_3.16.7-stable\flutter\bin\mingit\cmd
USERNAME=User
OS=Windows_NT
PROCESSOR_IDENTIFIER=AMD64 Family 23 Model 24 Stepping 1, AuthenticAMD
TMP=C:\Users\User\AppData\Local\Temp
TEMP=C:\Users\User\AppData\Local\Temp


JNI global refs:
JNI global refs: 22, weak refs: 0

JNI global refs memory usage: 843, weak refs: 841

OOME stack traces (most recent first):
Classloader memory used:
Loader bootstrap                                                                       : 1777K
Loader org.gradle.internal.classloader.VisitableURLClassLoader                         : 928K
Loader org.gradle.initialization.MixInLegacyTypesClassLoader                           : 84325B
Loader jdk.internal.loader.ClassLoaders$AppClassLoader                                 : 25674B
Loader jdk.internal.loader.ClassLoaders$PlatformClassLoader                            : 14855B
Loader jdk.internal.reflect.DelegatingClassLoader                                      : 1404B

Classes loaded by more than one classloader:
Class org.gradle.internal.installation.GradleInstallation                             : loaded 2 times (x 73B)
Class org.gradle.internal.classpath.ClassPath                                         : loaded 2 times (x 68B)
Class org.gradle.api.internal.classpath.DefaultModuleRegistry                         : loaded 2 times (x 84B)
Class org.gradle.api.Action                                                           : loaded 2 times (x 68B)
Class org.gradle.api.internal.DefaultClassPathProvider                                : loaded 2 times (x 74B)
Class org.gradle.internal.installation.GradleInstallation$1                           : loaded 2 times (x 73B)
Class org.gradle.internal.classloader.FilteringClassLoader                            : loaded 2 times (x 102B)
Class org.gradle.internal.classpath.DefaultClassPath$ImmutableUniqueList$Builder      : loaded 2 times (x 73B)
Class org.gradle.internal.classloader.ClassLoaderVisitor                              : loaded 2 times (x 74B)
Class org.gradle.internal.service.DefaultServiceLocator                               : loaded 2 times (x 81B)
Class org.gradle.internal.service.UnknownServiceException                             : loaded 2 times (x 81B)
Class org.gradle.internal.classloader.DefaultClassLoaderFactory                       : loaded 2 times (x 80B)
Class org.gradle.internal.classloader.VisitableURLClassLoader$Spec                    : loaded 2 times (x 72B)
Class org.gradle.api.GradleException                                                  : loaded 2 times (x 80B)
Class org.gradle.api.internal.classpath.ModuleRegistry                                : loaded 2 times (x 68B)
Class org.gradle.api.internal.ClassPathProvider                                       : loaded 2 times (x 68B)
Class org.gradle.internal.classloader.ClasspathUtil$1                                 : loaded 2 times (x 74B)
Class org.gradle.internal.classloader.ClassLoaderFactory                              : loaded 2 times (x 68B)
Class org.gradle.api.internal.classpath.ManifestUtil                                  : loaded 2 times (x 69B)
Class org.gradle.api.specs.Spec                                                       : loaded 2 times (x 68B)
Class org.gradle.internal.IoActions                                                   : loaded 2 times (x 69B)
Class org.gradle.api.internal.classpath.EffectiveClassPath                            : loaded 2 times (x 88B)
Class org.gradle.internal.installation.CurrentGradleInstallation                      : loaded 2 times (x 71B)
Class org.gradle.internal.installation.CurrentGradleInstallationLocator               : loaded 2 times (x 69B)
Class org.gradle.api.internal.classpath.Module                                        : loaded 2 times (x 68B)
Class org.gradle.internal.service.CachingServiceLocator                               : loaded 2 times (x 80B)
Class org.gradle.internal.classpath.DefaultClassPath                                  : loaded 2 times (x 88B)
Class org.gradle.api.Transformer                                                      : loaded 2 times (x 68B)
Class org.gradle.internal.classloader.SystemClassLoaderSpec                           : loaded 2 times (x 69B)
Class org.gradle.api.UncheckedIOException                                             : loaded 2 times (x 80B)
Class org.gradle.internal.classloader.ClasspathUtil                                   : loaded 2 times (x 69B)
Class org.gradle.api.internal.DefaultClassPathRegistry                                : loaded 2 times (x 74B)
Class org.gradle.api.internal.classpath.DefaultModuleRegistry$DefaultModule           : loaded 2 times (x 84B)
Class org.gradle.api.internal.classpath.UnknownModuleException                        : loaded 2 times (x 80B)
Class org.gradle.internal.service.ServiceLookupException                              : loaded 2 times (x 80B)
Class org.gradle.cache.GlobalCache                                                    : loaded 2 times (x 68B)
Class [Lorg.gradle.api.internal.ClassPathProvider;                                    : loaded 2 times (x 67B)
Class org.gradle.util.internal.GUtil                                                  : loaded 2 times (x 69B)
Class org.gradle.internal.classloader.ClassLoaderSpec                                 : loaded 2 times (x 69B)
Class org.gradle.internal.classloader.VisitableURLClassLoader                         : loaded 2 times (x 114B)
Class org.gradle.internal.Cast                                                        : loaded 2 times (x 69B)
Class org.gradle.api.internal.ClassPathRegistry                                       : loaded 2 times (x 68B)
Class org.gradle.internal.classloader.ClassLoaderHierarchy                            : loaded 2 times (x 68B)
Class org.gradle.internal.service.ServiceLocator                                      : loaded 2 times (x 68B)
Class org.gradle.internal.classpath.DefaultClassPath$ImmutableUniqueList              : loaded 2 times (x 159B)


---------------  S Y S T E M  ---------------

OS:
 Windows 11 , 64 bit Build 22621 (10.0.22621.3374)
OS uptime: 0 days 2:07 hours

CPU: total 8 (initial active 8) (8 cores per cpu, 2 threads per core) family 23 model 24 stepping 1 microcode 0x0, cx8, cmov, fxsr, ht, mmx, 3dnowpref, sse, sse2, sse3, ssse3, sse4a, sse4.1, sse4.2, popcnt, lzcnt, tsc, tscinvbit, avx, avx2, aes, clmul, bmi1, bmi2, adx, sha, fma, vzeroupper, clflush, clflushopt

Memory: 4k page, system-wide physical 3522M (26M free)
TotalPageFile size 14274M (AvailPageFile size 2M)
current process WorkingSet (physical memory assigned to process): 131M, peak: 131M
current process commit charge ("private bytes"): 181M, peak: 182M

vm_info: OpenJDK 64-Bit Server VM (17.0.7+0-b2043.56-10550314) for windows-amd64 JRE (17.0.7+0-b2043.56-10550314), built on Jul 24 2023 18:27:45 by "androidbuild" with MS VC++ 16.10 / 16.11 (VS2019)

END.
