#
# There is insufficient memory for the Java Runtime Environment to continue.
# Native memory allocation (malloc) failed to allocate 194144 bytes for Chunk::new
# Possible reasons:
#   The system is out of physical RAM or swap space
#   The process is running with CompressedOops enabled, and the Java Heap may be blocking the growth of the native heap
# Possible solutions:
#   Reduce memory load on the system
#   Increase physical memory or swap space
#   Check if swap backing store is full
#   Decrease Java heap size (-Xmx/-Xms)
#   Decrease number of Java threads
#   Decrease Java thread stack sizes (-Xss)
#   Set larger code cache with -XX:ReservedCodeCacheSize=
#   JVM is running with Unscaled Compressed Oops mode in which the Java heap is
#     placed in the first 4GB address space. The Java Heap base address is the
#     maximum limit for the native heap growth. Please use -XX:HeapBaseMinAddress
#     to set the Java Heap base and to place the Java Heap above 4GB virtual address.
# This output file may be truncated or incomplete.
#
#  Out of Memory Error (arena.cpp:189), pid=2992, tid=13396
#
# JRE version: OpenJDK Runtime Environment (17.0.7) (build 17.0.7+0-b2043.56-10550314)
# Java VM: OpenJDK 64-Bit Server VM (17.0.7+0-b2043.56-10550314, mixed mode, tiered, compressed oops, compressed class ptrs, g1 gc, windows-amd64)
# No core dump will be written. Minidumps are not enabled by default on client versions of Windows
#

---------------  S U M M A R Y ------------

Command Line: -Dorg.gradle.appname=gradlew org.gradle.wrapper.GradleWrapperMain -q -Ptarget-platform=android-x86 -Ptarget=C:\Users\User\Desktop\api-sis\mobile\lib\main.dart -Pbase-application-name=android.app.Application -Pdart-defines=RkxVVFRFUl9XRUJfQVVUT19ERVRFQ1Q9dHJ1ZQ==,RkxVVFRFUl9XRUJfQ0FOVkFTS0lUX1VSTD1odHRwczovL3d3dy5nc3RhdGljLmNvbS9mbHV0dGVyLWNhbnZhc2tpdC9mNDBlOTc2YmVkZmY1N2U2OWUxYjNkODlhN2MyYTNjNjE3YTAzZGFkLw== -Pdart-obfuscation=false -Ptrack-widget-creation=true -Ptree-shake-icons=false -Pfilesystem-scheme=org-dartlang-root assembleDebug

Host: AMD Ryzen 7 3750H with Radeon Vega Mobile Gfx  , 8 cores, 3G,  Windows 11 , 64 bit Build 22621 (10.0.22621.3374)
Time: Wed Apr 17 16:49:25 2024 Malay Peninsula Standard Time elapsed time: 35.742235 seconds (0d 0h 0m 35s)

---------------  T H R E A D  ---------------

Current thread (0x000002a5bf4b6560):  JavaThread "C2 CompilerThread0" daemon [_thread_in_native, id=13396, stack(0x000000e328d00000,0x000000e328e00000)]


Current CompileTask:
C2:  35742 1611 %     4       sun.security.provider.SHA::implCompress0 @ 27 (506 bytes)

Stack: [0x000000e328d00000,0x000000e328e00000]
Native frames: (J=compiled Java code, j=interpreted, Vv=VM code, C=native code)
V  [jvm.dll+0x683bfa]
V  [jvm.dll+0x8430a4]
V  [jvm.dll+0x8449be]
V  [jvm.dll+0x845023]
V  [jvm.dll+0x24ad2f]
V  [jvm.dll+0xac25c]
V  [jvm.dll+0xac82c]
V  [jvm.dll+0x36a187]
V  [jvm.dll+0x334821]
V  [jvm.dll+0x333cca]
V  [jvm.dll+0x21d251]
V  [jvm.dll+0x21c671]
V  [jvm.dll+0x1a605d]
V  [jvm.dll+0x22c148]
V  [jvm.dll+0x22a209]
V  [jvm.dll+0x7f858c]
V  [jvm.dll+0x7f2aea]
V  [jvm.dll+0x682a35]
C  [ucrtbase.dll+0x29333]
C  [KERNEL32.DLL+0x1257d]
C  [ntdll.dll+0x5aa48]


---------------  P R O C E S S  ---------------

Threads class SMR info:
_java_thread_list=0x000002a5bfabc5a0, length=15, elements={
0x000002a5a8182b30, 0x000002a5bf47e250, 0x000002a5bf481ff0, 0x000002a5bf4b0a40,
0x000002a5bf4b35d0, 0x000002a5bf4b5000, 0x000002a5bf4b58c0, 0x000002a5bf4b6560,
0x000002a5bf4b7720, 0x000002a5bf4b8420, 0x000002a5bf87ecd0, 0x000002a5bf895ed0,
0x000002a5bf8becf0, 0x000002a5c4724af0, 0x000002a5c4b78100
}

Java Threads: ( => current thread )
  0x000002a5a8182b30 JavaThread "main" [_thread_in_Java, id=11596, stack(0x000000e328000000,0x000000e328100000)]
  0x000002a5bf47e250 JavaThread "Reference Handler" daemon [_thread_blocked, id=7864, stack(0x000000e328700000,0x000000e328800000)]
  0x000002a5bf481ff0 JavaThread "Finalizer" daemon [_thread_blocked, id=4428, stack(0x000000e328800000,0x000000e328900000)]
  0x000002a5bf4b0a40 JavaThread "Signal Dispatcher" daemon [_thread_blocked, id=7324, stack(0x000000e328900000,0x000000e328a00000)]
  0x000002a5bf4b35d0 JavaThread "Attach Listener" daemon [_thread_blocked, id=5468, stack(0x000000e328a00000,0x000000e328b00000)]
  0x000002a5bf4b5000 JavaThread "Service Thread" daemon [_thread_blocked, id=5548, stack(0x000000e328b00000,0x000000e328c00000)]
  0x000002a5bf4b58c0 JavaThread "Monitor Deflation Thread" daemon [_thread_blocked, id=1624, stack(0x000000e328c00000,0x000000e328d00000)]
=>0x000002a5bf4b6560 JavaThread "C2 CompilerThread0" daemon [_thread_in_native, id=13396, stack(0x000000e328d00000,0x000000e328e00000)]
  0x000002a5bf4b7720 JavaThread "C1 CompilerThread0" daemon [_thread_blocked, id=15392, stack(0x000000e328e00000,0x000000e328f00000)]
  0x000002a5bf4b8420 JavaThread "Sweeper thread" daemon [_thread_blocked, id=7328, stack(0x000000e328f00000,0x000000e329000000)]
  0x000002a5bf87ecd0 JavaThread "Notification Thread" daemon [_thread_blocked, id=2240, stack(0x000000e329000000,0x000000e329100000)]
  0x000002a5bf895ed0 JavaThread "Common-Cleaner" daemon [_thread_blocked, id=8272, stack(0x000000e329200000,0x000000e329300000)]
  0x000002a5bf8becf0 JavaThread "pool-1-thread-1" [_thread_blocked, id=2748, stack(0x000000e329700000,0x000000e329800000)]
  0x000002a5c4724af0 JavaThread "DisconnectableInputStream source reader" daemon [_thread_in_native, id=16120, stack(0x000000e329900000,0x000000e329a00000)]
  0x000002a5c4b78100 JavaThread "Forward input" [_thread_blocked, id=6940, stack(0x000000e329a00000,0x000000e329b00000)]

Other Threads:
  0x000002a5bf45bd80 VMThread "VM Thread" [stack: 0x000000e328600000,0x000000e328700000] [id=11592]
  0x000002a5a81cf2c0 WatcherThread [stack: 0x000000e329100000,0x000000e329200000] [id=7260]
  0x000002a5a81ba1e0 GCTaskThread "GC Thread#0" [stack: 0x000000e328100000,0x000000e328200000] [id=188]
  0x000002a5c4075c00 GCTaskThread "GC Thread#1" [stack: 0x000000e329300000,0x000000e329400000] [id=10556]
  0x000002a5c47c41d0 GCTaskThread "GC Thread#2" [stack: 0x000000e329400000,0x000000e329500000] [id=14768]
  0x000002a5c47c4480 GCTaskThread "GC Thread#3" [stack: 0x000000e329500000,0x000000e329600000] [id=14788]
  0x000002a5c47c4730 GCTaskThread "GC Thread#4" [stack: 0x000000e329600000,0x000000e329700000] [id=15388]
  0x000002a5c4ae6860 GCTaskThread "GC Thread#5" [stack: 0x000000e329b00000,0x000000e329c00000] [id=6380]
  0x000002a5c49cc6c0 GCTaskThread "GC Thread#6" [stack: 0x000000e329c00000,0x000000e329d00000] [id=8580]
  0x000002a5c4a2e540 GCTaskThread "GC Thread#7" [stack: 0x000000e329d00000,0x000000e329e00000] [id=7968]
  0x000002a5a81c2f70 ConcurrentGCThread "G1 Main Marker" [stack: 0x000000e328200000,0x000000e328300000] [id=11904]
  0x000002a5a81c3980 ConcurrentGCThread "G1 Conc#0" [stack: 0x000000e328300000,0x000000e328400000] [id=3240]
  0x000002a5a8212b40 ConcurrentGCThread "G1 Refine#0" [stack: 0x000000e328400000,0x000000e328500000] [id=16192]
  0x000002a5a8215490 ConcurrentGCThread "G1 Service" [stack: 0x000000e328500000,0x000000e328600000] [id=5252]

Threads with active compile tasks:
C2 CompilerThread0    35783 1611 %     4       sun.security.provider.SHA::implCompress0 @ 27 (506 bytes)

VM state: not at safepoint (normal execution)

VM Mutex/Monitor currently owned by a thread: None

Heap address: 0x00000000c8e00000, size: 882 MB, Compressed Oops mode: 32-bit

CDS archive(s) not mapped
Compressed class space mapped at: 0x0000000100000000-0x0000000140000000, reserved size: 1073741824
Narrow klass base: 0x0000000000000000, Narrow klass shift: 3, Narrow klass range: 0x140000000

GC Precious Log:
 CPUs: 8 total, 8 available
 Memory: 3522M
 Large Page Support: Disabled
 NUMA Support: Disabled
 Compressed Oops: Enabled (32-bit)
 Heap Region Size: 1M
 Heap Min Capacity: 8M
 Heap Initial Capacity: 56M
 Heap Max Capacity: 882M
 Pre-touch: Disabled
 Parallel Workers: 8
 Concurrent Workers: 2
 Concurrent Refinement Workers: 8
 Periodic GC: Disabled

Heap:
 garbage-first heap   total 57344K, used 12685K [0x00000000c8e00000, 0x0000000100000000)
  region size 1024K, 5 young (5120K), 3 survivors (3072K)
 Metaspace       used 18559K, committed 18816K, reserved 1114112K
  class space    used 2125K, committed 2240K, reserved 1048576K

Heap Regions: E=young(eden), S=young(survivor), O=old, HS=humongous(starts), HC=humongous(continues), CS=collection set, F=free, OA=open archive, CA=closed archive, TAMS=top-at-mark-start (previous, next)
|   0|0x00000000c8e00000, 0x00000000c8f00000, 0x00000000c8f00000|100%| O|  |TAMS 0x00000000c8e00000, 0x00000000c8e00000| Untracked 
|   1|0x00000000c8f00000, 0x00000000c9000000, 0x00000000c9000000|100%| O|  |TAMS 0x00000000c8f00000, 0x00000000c8f00000| Untracked 
|   2|0x00000000c9000000, 0x00000000c9100000, 0x00000000c9100000|100%| O|  |TAMS 0x00000000c9000000, 0x00000000c9000000| Untracked 
|   3|0x00000000c9100000, 0x00000000c9200000, 0x00000000c9200000|100%|HS|  |TAMS 0x00000000c9100000, 0x00000000c9100000| Complete 
|   4|0x00000000c9200000, 0x00000000c9300000, 0x00000000c9300000|100%|HC|  |TAMS 0x00000000c9200000, 0x00000000c9200000| Complete 
|   5|0x00000000c9300000, 0x00000000c9400000, 0x00000000c9400000|100%|HC|  |TAMS 0x00000000c9300000, 0x00000000c9300000| Complete 
|   6|0x00000000c9400000, 0x00000000c9500000, 0x00000000c9500000|100%| O|  |TAMS 0x00000000c9400000, 0x00000000c9400000| Untracked 
|   7|0x00000000c9500000, 0x00000000c9600000, 0x00000000c9600000|100%| O|  |TAMS 0x00000000c9500000, 0x00000000c9500000| Untracked 
|   8|0x00000000c9600000, 0x00000000c9700000, 0x00000000c9700000|100%| O|  |TAMS 0x00000000c9600000, 0x00000000c9600000| Untracked 
|   9|0x00000000c9700000, 0x00000000c9700000, 0x00000000c9800000|  0%| F|  |TAMS 0x00000000c9700000, 0x00000000c9700000| Untracked 
|  10|0x00000000c9800000, 0x00000000c9800000, 0x00000000c9900000|  0%| F|  |TAMS 0x00000000c9800000, 0x00000000c9800000| Untracked 
|  11|0x00000000c9900000, 0x00000000c9900000, 0x00000000c9a00000|  0%| F|  |TAMS 0x00000000c9900000, 0x00000000c9900000| Untracked 
|  12|0x00000000c9a00000, 0x00000000c9a00000, 0x00000000c9b00000|  0%| F|  |TAMS 0x00000000c9a00000, 0x00000000c9a00000| Untracked 
|  13|0x00000000c9b00000, 0x00000000c9b00000, 0x00000000c9c00000|  0%| F|  |TAMS 0x00000000c9b00000, 0x00000000c9b00000| Untracked 
|  14|0x00000000c9c00000, 0x00000000c9c00000, 0x00000000c9d00000|  0%| F|  |TAMS 0x00000000c9c00000, 0x00000000c9c00000| Untracked 
|  15|0x00000000c9d00000, 0x00000000c9d00000, 0x00000000c9e00000|  0%| F|  |TAMS 0x00000000c9d00000, 0x00000000c9d00000| Untracked 
|  16|0x00000000c9e00000, 0x00000000c9e00000, 0x00000000c9f00000|  0%| F|  |TAMS 0x00000000c9e00000, 0x00000000c9e00000| Untracked 
|  17|0x00000000c9f00000, 0x00000000c9f00000, 0x00000000ca000000|  0%| F|  |TAMS 0x00000000c9f00000, 0x00000000c9f00000| Untracked 
|  18|0x00000000ca000000, 0x00000000ca000000, 0x00000000ca100000|  0%| F|  |TAMS 0x00000000ca000000, 0x00000000ca000000| Untracked 
|  19|0x00000000ca100000, 0x00000000ca100000, 0x00000000ca200000|  0%| F|  |TAMS 0x00000000ca100000, 0x00000000ca100000| Untracked 
|  20|0x00000000ca200000, 0x00000000ca200000, 0x00000000ca300000|  0%| F|  |TAMS 0x00000000ca200000, 0x00000000ca200000| Untracked 
|  21|0x00000000ca300000, 0x00000000ca300000, 0x00000000ca400000|  0%| F|  |TAMS 0x00000000ca300000, 0x00000000ca300000| Untracked 
|  22|0x00000000ca400000, 0x00000000ca400000, 0x00000000ca500000|  0%| F|  |TAMS 0x00000000ca400000, 0x00000000ca400000| Untracked 
|  23|0x00000000ca500000, 0x00000000ca500000, 0x00000000ca600000|  0%| F|  |TAMS 0x00000000ca500000, 0x00000000ca500000| Untracked 
|  24|0x00000000ca600000, 0x00000000ca600000, 0x00000000ca700000|  0%| F|  |TAMS 0x00000000ca600000, 0x00000000ca600000| Untracked 
|  25|0x00000000ca700000, 0x00000000ca700000, 0x00000000ca800000|  0%| F|  |TAMS 0x00000000ca700000, 0x00000000ca700000| Untracked 
|  26|0x00000000ca800000, 0x00000000ca800000, 0x00000000ca900000|  0%| F|  |TAMS 0x00000000ca800000, 0x00000000ca800000| Untracked 
|  27|0x00000000ca900000, 0x00000000ca900000, 0x00000000caa00000|  0%| F|  |TAMS 0x00000000ca900000, 0x00000000ca900000| Untracked 
|  28|0x00000000caa00000, 0x00000000caa00000, 0x00000000cab00000|  0%| F|  |TAMS 0x00000000caa00000, 0x00000000caa00000| Untracked 
|  29|0x00000000cab00000, 0x00000000cab00000, 0x00000000cac00000|  0%| F|  |TAMS 0x00000000cab00000, 0x00000000cab00000| Untracked 
|  30|0x00000000cac00000, 0x00000000cac00000, 0x00000000cad00000|  0%| F|  |TAMS 0x00000000cac00000, 0x00000000cac00000| Untracked 
|  31|0x00000000cad00000, 0x00000000cad00000, 0x00000000cae00000|  0%| F|  |TAMS 0x00000000cad00000, 0x00000000cad00000| Untracked 
|  32|0x00000000cae00000, 0x00000000cae00000, 0x00000000caf00000|  0%| F|  |TAMS 0x00000000cae00000, 0x00000000cae00000| Untracked 
|  33|0x00000000caf00000, 0x00000000caf636c0, 0x00000000cb000000| 38%| S|CS|TAMS 0x00000000caf00000, 0x00000000caf00000| Complete 
|  34|0x00000000cb000000, 0x00000000cb100000, 0x00000000cb100000|100%| S|CS|TAMS 0x00000000cb000000, 0x00000000cb000000| Complete 
|  35|0x00000000cb100000, 0x00000000cb200000, 0x00000000cb200000|100%| S|CS|TAMS 0x00000000cb100000, 0x00000000cb100000| Complete 
|  36|0x00000000cb200000, 0x00000000cb200000, 0x00000000cb300000|  0%| F|  |TAMS 0x00000000cb200000, 0x00000000cb200000| Untracked 
|  37|0x00000000cb300000, 0x00000000cb300000, 0x00000000cb400000|  0%| F|  |TAMS 0x00000000cb300000, 0x00000000cb300000| Untracked 
|  38|0x00000000cb400000, 0x00000000cb400000, 0x00000000cb500000|  0%| F|  |TAMS 0x00000000cb400000, 0x00000000cb400000| Untracked 
|  39|0x00000000cb500000, 0x00000000cb500000, 0x00000000cb600000|  0%| F|  |TAMS 0x00000000cb500000, 0x00000000cb500000| Untracked 
|  40|0x00000000cb600000, 0x00000000cb600000, 0x00000000cb700000|  0%| F|  |TAMS 0x00000000cb600000, 0x00000000cb600000| Untracked 
|  41|0x00000000cb700000, 0x00000000cb700000, 0x00000000cb800000|  0%| F|  |TAMS 0x00000000cb700000, 0x00000000cb700000| Untracked 
|  42|0x00000000cb800000, 0x00000000cb800000, 0x00000000cb900000|  0%| F|  |TAMS 0x00000000cb800000, 0x00000000cb800000| Untracked 
|  43|0x00000000cb900000, 0x00000000cb900000, 0x00000000cba00000|  0%| F|  |TAMS 0x00000000cb900000, 0x00000000cb900000| Untracked 
|  44|0x00000000cba00000, 0x00000000cba00000, 0x00000000cbb00000|  0%| F|  |TAMS 0x00000000cba00000, 0x00000000cba00000| Untracked 
|  45|0x00000000cbb00000, 0x00000000cbb00000, 0x00000000cbc00000|  0%| F|  |TAMS 0x00000000cbb00000, 0x00000000cbb00000| Untracked 
|  46|0x00000000cbc00000, 0x00000000cbc00000, 0x00000000cbd00000|  0%| F|  |TAMS 0x00000000cbc00000, 0x00000000cbc00000| Untracked 
|  47|0x00000000cbd00000, 0x00000000cbd00000, 0x00000000cbe00000|  0%| F|  |TAMS 0x00000000cbd00000, 0x00000000cbd00000| Untracked 
|  48|0x00000000cbe00000, 0x00000000cbe00000, 0x00000000cbf00000|  0%| F|  |TAMS 0x00000000cbe00000, 0x00000000cbe00000| Untracked 
|  49|0x00000000cbf00000, 0x00000000cbf00000, 0x00000000cc000000|  0%| F|  |TAMS 0x00000000cbf00000, 0x00000000cbf00000| Untracked 
|  50|0x00000000cc000000, 0x00000000cc000000, 0x00000000cc100000|  0%| F|  |TAMS 0x00000000cc000000, 0x00000000cc000000| Untracked 
|  51|0x00000000cc100000, 0x00000000cc100000, 0x00000000cc200000|  0%| F|  |TAMS 0x00000000cc100000, 0x00000000cc100000| Untracked 
|  52|0x00000000cc200000, 0x00000000cc200000, 0x00000000cc300000|  0%| F|  |TAMS 0x00000000cc200000, 0x00000000cc200000| Untracked 
|  53|0x00000000cc300000, 0x00000000cc300000, 0x00000000cc400000|  0%| F|  |TAMS 0x00000000cc300000, 0x00000000cc300000| Untracked 
|  54|0x00000000cc400000, 0x00000000cc4c74d0, 0x00000000cc500000| 77%| E|  |TAMS 0x00000000cc400000, 0x00000000cc400000| Complete 
|  55|0x00000000cc500000, 0x00000000cc600000, 0x00000000cc600000|100%| E|CS|TAMS 0x00000000cc500000, 0x00000000cc500000| Complete 

Card table byte_map: [0x000002a5bab40000,0x000002a5bad00000] _byte_map_base: 0x000002a5ba4f9000

Marking Bits (Prev, Next): (CMBitMap*) 0x000002a5a81bb800, (CMBitMap*) 0x000002a5a81bb840
 Prev Bits: [0x000002a5baec0000, 0x000002a5bbc88000)
 Next Bits: [0x000002a5bbc90000, 0x000002a5bca58000)

Polling page: 0x000002a5a7940000

Metaspace:

Usage:
  Non-class:     16.05 MB used.
      Class:      2.08 MB used.
       Both:     18.12 MB used.

Virtual space:
  Non-class space:       64.00 MB reserved,      16.19 MB ( 25%) committed,  1 nodes.
      Class space:        1.00 GB reserved,       2.19 MB ( <1%) committed,  1 nodes.
             Both:        1.06 GB reserved,      18.38 MB (  2%) committed. 

Chunk freelists:
   Non-Class:  14.94 MB
       Class:  13.71 MB
        Both:  28.65 MB

MaxMetaspaceSize: unlimited
CompressedClassSpaceSize: 1.00 GB
Initial GC threshold: 21.00 MB
Current GC threshold: 21.00 MB
CDS: off
MetaspaceReclaimPolicy: balanced
 - commit_granule_bytes: 65536.
 - commit_granule_words: 8192.
 - virtual_space_node_default_size: 8388608.
 - enlarge_chunks_in_place: 1.
 - new_chunks_are_fully_committed: 0.
 - uncommit_free_chunks: 1.
 - use_allocation_guard: 0.
 - handle_deallocations: 1.


Internal statistics:

num_allocs_failed_limit: 0.
num_arena_births: 118.
num_arena_deaths: 0.
num_vsnodes_births: 2.
num_vsnodes_deaths: 0.
num_space_committed: 294.
num_space_uncommitted: 0.
num_chunks_returned_to_freelist: 0.
num_chunks_taken_from_freelist: 390.
num_chunk_merges: 0.
num_chunk_splits: 240.
num_chunks_enlarged: 181.
num_inconsistent_stats: 0.

CodeHeap 'non-profiled nmethods': size=120000Kb used=617Kb max_used=617Kb free=119382Kb
 bounds [0x000002a5b3120000, 0x000002a5b3390000, 0x000002a5ba650000]
CodeHeap 'profiled nmethods': size=120000Kb used=3093Kb max_used=3093Kb free=116906Kb
 bounds [0x000002a5ab650000, 0x000002a5ab960000, 0x000002a5b2b80000]
CodeHeap 'non-nmethods': size=5760Kb used=1177Kb max_used=1195Kb free=4582Kb
 bounds [0x000002a5b2b80000, 0x000002a5b2df0000, 0x000002a5b3120000]
 total_blobs=2086 nmethods=1608 adapters=391
 compilation: enabled
              stopped_count=0, restarted_count=0
 full_count=0

Compilation events (20 events):
Event: 35.510 Thread 0x000002a5bf4b7720 nmethod 1601 0x000002a5ab951210 code [0x000002a5ab9513c0, 0x000002a5ab951568]
Event: 35.510 Thread 0x000002a5bf4b7720 1602       3       java.nio.ByteBuffer::position (6 bytes)
Event: 35.510 Thread 0x000002a5bf4b7720 nmethod 1602 0x000002a5ab951610 code [0x000002a5ab9517c0, 0x000002a5ab951988]
Event: 35.618 Thread 0x000002a5bf4b7720 1603       3       java.lang.AbstractStringBuilder::appendChars (130 bytes)
Event: 35.620 Thread 0x000002a5bf4b7720 nmethod 1603 0x000002a5ab951a10 code [0x000002a5ab951c00, 0x000002a5ab9521a8]
Event: 35.620 Thread 0x000002a5bf4b7720 1604       3       java.io.ObjectInputStream$BlockDataInputStream::peekByte (20 bytes)
Event: 35.621 Thread 0x000002a5bf4b7720 nmethod 1604 0x000002a5ab952410 code [0x000002a5ab9525c0, 0x000002a5ab952818]
Event: 35.624 Thread 0x000002a5bf4b7720 1605       3       java.io.ObjectInputStream$BlockDataInputStream::setBlockDataMode (74 bytes)
Event: 35.624 Thread 0x000002a5bf4b7720 nmethod 1605 0x000002a5ab952910 code [0x000002a5ab952ac0, 0x000002a5ab952e08]
Event: 35.633 Thread 0x000002a5bf4b7720 1606       3       jdk.internal.reflect.ClassFileAssembler::emitConstantPoolMethodref (28 bytes)
Event: 35.634 Thread 0x000002a5bf4b7720 nmethod 1606 0x000002a5ab952f10 code [0x000002a5ab953140, 0x000002a5ab9537c8]
Event: 35.634 Thread 0x000002a5bf4b7720 1607       3       java.util.concurrent.ConcurrentHashMap::<init> (5 bytes)
Event: 35.637 Thread 0x000002a5bf4b7720 nmethod 1607 0x000002a5ab953b90 code [0x000002a5ab953d40, 0x000002a5ab953ef8]
Event: 35.639 Thread 0x000002a5bf4b6560 1608       4       java.lang.AbstractStringBuilder::append (45 bytes)
Event: 35.640 Thread 0x000002a5bf4b7720 1609       3       jdk.internal.reflect.ClassFileAssembler::emitConstantPoolNameAndType (28 bytes)
Event: 35.641 Thread 0x000002a5bf4b7720 nmethod 1609 0x000002a5ab954010 code [0x000002a5ab954240, 0x000002a5ab9548c8]
Event: 35.658 Thread 0x000002a5bf4b6560 nmethod 1608 0x000002a5b31b9510 code [0x000002a5b31b96c0, 0x000002a5b31b9ee8]
Event: 35.658 Thread 0x000002a5bf4b6560 1610       4       jdk.internal.reflect.ByteVectorImpl::getLength (7 bytes)
Event: 35.659 Thread 0x000002a5bf4b6560 nmethod 1610 0x000002a5b31ba310 code [0x000002a5b31ba480, 0x000002a5b31ba4f8]
Event: 35.692 Thread 0x000002a5bf4b6560 1611 %     4       sun.security.provider.SHA::implCompress0 @ 27 (506 bytes)

GC Heap History (4 events):
Event: 3.060 GC heap before
{Heap before GC invocations=0 (full 0):
 garbage-first heap   total 57344K, used 28672K [0x00000000c8e00000, 0x0000000100000000)
  region size 1024K, 23 young (23552K), 0 survivors (0K)
 Metaspace       used 11288K, committed 11456K, reserved 1114112K
  class space    used 1197K, committed 1280K, reserved 1048576K
}
Event: 3.091 GC heap after
{Heap after GC invocations=1 (full 0):
 garbage-first heap   total 57344K, used 9072K [0x00000000c8e00000, 0x0000000100000000)
  region size 1024K, 3 young (3072K), 3 survivors (3072K)
 Metaspace       used 11288K, committed 11456K, reserved 1114112K
  class space    used 1197K, committed 1280K, reserved 1048576K
}
Event: 13.680 GC heap before
{Heap before GC invocations=1 (full 0):
 garbage-first heap   total 57344K, used 29552K [0x00000000c8e00000, 0x0000000100000000)
  region size 1024K, 23 young (23552K), 3 survivors (3072K)
 Metaspace       used 17863K, committed 18112K, reserved 1114112K
  class space    used 2045K, committed 2176K, reserved 1048576K
}
Event: 13.694 GC heap after
{Heap after GC invocations=2 (full 0):
 garbage-first heap   total 57344K, used 11661K [0x00000000c8e00000, 0x0000000100000000)
  region size 1024K, 3 young (3072K), 3 survivors (3072K)
 Metaspace       used 17863K, committed 18112K, reserved 1114112K
  class space    used 2045K, committed 2176K, reserved 1048576K
}

Dll operation events (2 events):
Event: 0.035 Loaded shared library C:\Program Files\Android\Android Studio\jbr\bin\java.dll
Event: 0.379 Loaded shared library C:\Program Files\Android\Android Studio\jbr\bin\verify.dll

Deoptimization events (20 events):
Event: 6.232 Thread 0x000002a5c4724af0 Uncommon trap: trap_request=0xffffff45 fr.pc=0x000002a5b31715c8 relative=0x0000000000000048
Event: 6.232 Thread 0x000002a5c4724af0 Uncommon trap: reason=unstable_if action=reinterpret pc=0x000002a5b31715c8 method=java.lang.CharacterData.of(I)Ljava/lang/CharacterData; @ 4 c2
Event: 6.232 Thread 0x000002a5c4724af0 DEOPT PACKING pc=0x000002a5b31715c8 sp=0x000000e3298fe530
Event: 6.232 Thread 0x000002a5c4724af0 DEOPT UNPACKING pc=0x000002a5b2bd69a3 sp=0x000000e3298fe4c8 mode 2
Event: 6.240 Thread 0x000002a5c4724af0 Uncommon trap: trap_request=0xffffff45 fr.pc=0x000002a5b3154e24 relative=0x00000000000004e4
Event: 6.240 Thread 0x000002a5c4724af0 Uncommon trap: reason=unstable_if action=reinterpret pc=0x000002a5b3154e24 method=java.lang.AbstractStringBuilder.putStringAt(ILjava/lang/String;II)V @ 8 c2
Event: 6.240 Thread 0x000002a5c4724af0 DEOPT PACKING pc=0x000002a5b3154e24 sp=0x000000e3298fee10
Event: 6.240 Thread 0x000002a5c4724af0 DEOPT UNPACKING pc=0x000002a5b2bd69a3 sp=0x000000e3298fec98 mode 2
Event: 6.240 Thread 0x000002a5c4724af0 Uncommon trap: trap_request=0xffffff45 fr.pc=0x000002a5b315f198 relative=0x00000000000004d8
Event: 6.240 Thread 0x000002a5c4724af0 Uncommon trap: reason=unstable_if action=reinterpret pc=0x000002a5b315f198 method=java.lang.AbstractStringBuilder.putStringAt(ILjava/lang/String;II)V @ 8 c2
Event: 6.240 Thread 0x000002a5c4724af0 DEOPT PACKING pc=0x000002a5b315f198 sp=0x000000e3298feda0
Event: 6.240 Thread 0x000002a5c4724af0 DEOPT UNPACKING pc=0x000002a5b2bd69a3 sp=0x000000e3298fec90 mode 2
Event: 6.240 Thread 0x000002a5c4724af0 Uncommon trap: trap_request=0xffffff45 fr.pc=0x000002a5b318056c relative=0x00000000000003cc
Event: 6.240 Thread 0x000002a5c4724af0 Uncommon trap: reason=unstable_if action=reinterpret pc=0x000002a5b318056c method=java.lang.AbstractStringBuilder.isLatin1()Z @ 10 c2
Event: 6.240 Thread 0x000002a5c4724af0 DEOPT PACKING pc=0x000002a5b318056c sp=0x000000e3298fee20
Event: 6.240 Thread 0x000002a5c4724af0 DEOPT UNPACKING pc=0x000002a5b2bd69a3 sp=0x000000e3298feda0 mode 2
Event: 13.284 Thread 0x000002a5c4724af0 Uncommon trap: trap_request=0xffffff45 fr.pc=0x000002a5b3176164 relative=0x0000000000000ea4
Event: 13.284 Thread 0x000002a5c4724af0 Uncommon trap: reason=unstable_if action=reinterpret pc=0x000002a5b3176164 method=java.util.concurrent.ConcurrentHashMap.putVal(Ljava/lang/Object;Ljava/lang/Object;Z)Ljava/lang/Object; @ 97 c2
Event: 13.284 Thread 0x000002a5c4724af0 DEOPT PACKING pc=0x000002a5b3176164 sp=0x000000e3298fe210
Event: 13.284 Thread 0x000002a5c4724af0 DEOPT UNPACKING pc=0x000002a5b2bd69a3 sp=0x000000e3298fe198 mode 2

Classes unloaded (0 events):
No events

Classes redefined (0 events):
No events

Internal exceptions (20 events):
Event: 2.837 Thread 0x000002a5a8182b30 Exception <a 'java/lang/NoSuchMethodError'{0x00000000cb0c2bb8}: 'java.lang.Object java.lang.invoke.DirectMethodHandle$Holder.invokeVirtual(java.lang.Object, java.lang.Object, java.lang.Object, java.lang.Object, java.lang.Object, java.lang.Object, java.lang.Object)'> (0x00000000cb0c2bb8) 
thrown [s\src\hotspot\share\interpreter\linkResolver.cpp, line 771]
Event: 2.841 Thread 0x000002a5a8182b30 Exception <a 'java/lang/NoSuchMethodError'{0x00000000cb0d46e8}: 'java.lang.Object java.lang.invoke.Invokers$Holder.invoker(java.lang.Object, java.lang.Object, java.lang.Object)'> (0x00000000cb0d46e8) 
thrown [s\src\hotspot\share\interpreter\linkResolver.cpp, line 771]
Event: 2.847 Thread 0x000002a5a8182b30 Exception <a 'java/lang/NoSuchMethodError'{0x00000000cb0dd790}: 'java.lang.Object java.lang.invoke.DirectMethodHandle$Holder.invokeStatic(java.lang.Object, java.lang.Object, int)'> (0x00000000cb0dd790) 
thrown [s\src\hotspot\share\interpreter\linkResolver.cpp, line 771]
Event: 2.851 Thread 0x000002a5a8182b30 Exception <a 'java/lang/NoSuchMethodError'{0x00000000cb0e9480}: 'void java.lang.invoke.DelegatingMethodHandle$Holder.delegate(java.lang.Object, java.lang.Object, int, java.lang.Object)'> (0x00000000cb0e9480) 
thrown [s\src\hotspot\share\interpreter\linkResolver.cpp, line 771]
Event: 2.852 Thread 0x000002a5a8182b30 Exception <a 'java/lang/NoSuchMethodError'{0x00000000cb0ed810}: 'int java.lang.invoke.DirectMethodHandle$Holder.invokeSpecial(java.lang.Object, java.lang.Object, java.lang.Object)'> (0x00000000cb0ed810) 
thrown [s\src\hotspot\share\interpreter\linkResolver.cpp, line 771]
Event: 2.859 Thread 0x000002a5a8182b30 Exception <a 'java/lang/NoSuchMethodError'{0x00000000caf01230}: 'java.lang.Object java.lang.invoke.Invokers$Holder.invokeExact_MT(java.lang.Object, java.lang.Object, java.lang.Object, java.lang.Object)'> (0x00000000caf01230) 
thrown [s\src\hotspot\share\interpreter\linkResolver.cpp, line 771]
Event: 3.451 Thread 0x000002a5a8182b30 Exception <a 'java/lang/NoSuchMethodError'{0x00000000cc23ba50}: 'java.lang.Object java.lang.invoke.DirectMethodHandle$Holder.invokeInterface(java.lang.Object, java.lang.Object, java.lang.Object)'> (0x00000000cc23ba50) 
thrown [s\src\hotspot\share\interpreter\linkResolver.cpp, line 771]
Event: 3.466 Thread 0x000002a5a8182b30 Exception <a 'java/lang/NoSuchMethodError'{0x00000000cc25d3b0}: 'void java.lang.invoke.DirectMethodHandle$Holder.invokeSpecial(java.lang.Object, java.lang.Object, java.lang.Object)'> (0x00000000cc25d3b0) 
thrown [s\src\hotspot\share\interpreter\linkResolver.cpp, line 771]
Event: 3.512 Thread 0x000002a5a8182b30 Implicit null exception at 0x000002a5b317048c to 0x000002a5b31709d0
Event: 3.512 Thread 0x000002a5a8182b30 Implicit null exception at 0x000002a5b315b08f to 0x000002a5b315b5d4
Event: 3.595 Thread 0x000002a5a8182b30 Exception <a 'java/lang/NoSuchMethodError'{0x00000000cc1fb818}: 'java.lang.Object java.lang.invoke.DirectMethodHandle$Holder.invokeStaticInit(java.lang.Object)'> (0x00000000cc1fb818) 
thrown [s\src\hotspot\share\interpreter\linkResolver.cpp, line 771]
Event: 3.958 Thread 0x000002a5a8182b30 Exception <a 'java/lang/NoSuchMethodError'{0x00000000cbdf0598}: 'java.lang.Object java.lang.invoke.DirectMethodHandle$Holder.invokeStaticInit(java.lang.Object, int, int, int, int)'> (0x00000000cbdf0598) 
thrown [s\src\hotspot\share\interpreter\linkResolver.cpp, line 771]
Event: 4.472 Thread 0x000002a5a8182b30 Exception <a 'java/lang/NoSuchMethodError'{0x00000000cbccfc68}: 'java.lang.Object java.lang.invoke.DirectMethodHandle$Holder.invokeStaticInit(java.lang.Object, java.lang.Object, int, int, int, int)'> (0x00000000cbccfc68) 
thrown [s\src\hotspot\share\interpreter\linkResolver.cpp, line 771]
Event: 5.333 Thread 0x000002a5a8182b30 Exception <a 'java/lang/NoSuchMethodError'{0x00000000cbcfd648}: 'void java.lang.invoke.DirectMethodHandle$Holder.invokeStatic(java.lang.Object, java.lang.Object, java.lang.Object)'> (0x00000000cbcfd648) 
thrown [s\src\hotspot\share\interpreter\linkResolver.cpp, line 771]
Event: 6.177 Thread 0x000002a5c4724af0 Exception <a 'java/lang/NoSuchMethodError'{0x00000000cb4730d0}: 'void java.lang.invoke.DirectMethodHandle$Holder.invokeStatic(java.lang.Object, long)'> (0x00000000cb4730d0) 
thrown [s\src\hotspot\share\interpreter\linkResolver.cpp, line 771]
Event: 6.180 Thread 0x000002a5c4724af0 Exception <a 'java/lang/NoSuchMethodError'{0x00000000cb478780}: 'java.lang.Object java.lang.invoke.DirectMethodHandle$Holder.newInvokeSpecial(java.lang.Object, long)'> (0x00000000cb478780) 
thrown [s\src\hotspot\share\interpreter\linkResolver.cpp, line 771]
Event: 6.185 Thread 0x000002a5c4724af0 Exception <a 'java/lang/NoSuchMethodError'{0x00000000cb483328}: 'java.lang.Object java.lang.invoke.DirectMethodHandle$Holder.invokeStaticInit(java.lang.Object, java.lang.Object, long, java.lang.Object)'> (0x00000000cb483328) 
thrown [s\src\hotspot\share\interpreter\linkResolver.cpp, line 771]
Event: 6.187 Thread 0x000002a5c4724af0 Exception <a 'java/lang/NoSuchMethodError'{0x00000000cb4899b0}: 'java.lang.Object java.lang.invoke.DirectMethodHandle$Holder.newInvokeSpecial(java.lang.Object, java.lang.Object, long)'> (0x00000000cb4899b0) 
thrown [s\src\hotspot\share\interpreter\linkResolver.cpp, line 771]
Event: 6.190 Thread 0x000002a5c4724af0 Exception <a 'java/lang/NoSuchMethodError'{0x00000000cb48dca0}: 'java.lang.Object java.lang.invoke.Invokers$Holder.linkToTargetMethod(java.lang.Object, long, java.lang.Object)'> (0x00000000cb48dca0) 
thrown [s\src\hotspot\share\interpreter\linkResolver.cpp, line 771]
Event: 35.661 Thread 0x000002a5a8182b30 Exception <a 'java/lang/NoSuchMethodError'{0x00000000cc476d68}: static Lorg/gradle/tooling/internal/provider/serialization/ClassLoaderDetails;.<clinit>()V> (0x00000000cc476d68) 
thrown [s\src\hotspot\share\prims\jni.cpp, line 1108]

VM Operations (20 events):
Event: 7.246 Executing VM operation: Cleanup
Event: 7.246 Executing VM operation: Cleanup done
Event: 8.257 Executing VM operation: Cleanup
Event: 8.257 Executing VM operation: Cleanup done
Event: 13.317 Executing VM operation: Cleanup
Event: 13.329 Executing VM operation: Cleanup done
Event: 13.411 Executing VM operation: HandshakeAllThreads
Event: 13.411 Executing VM operation: HandshakeAllThreads done
Event: 13.680 Executing VM operation: G1CollectForAllocation
Event: 13.694 Executing VM operation: G1CollectForAllocation done
Event: 27.825 Executing VM operation: Cleanup
Event: 27.825 Executing VM operation: Cleanup done
Event: 28.827 Executing VM operation: Cleanup
Event: 28.828 Executing VM operation: Cleanup done
Event: 29.837 Executing VM operation: Cleanup
Event: 29.837 Executing VM operation: Cleanup done
Event: 30.851 Executing VM operation: Cleanup
Event: 30.851 Executing VM operation: Cleanup done
Event: 34.882 Executing VM operation: Cleanup
Event: 34.896 Executing VM operation: Cleanup done

Events (20 events):
Event: 35.243 loading class java/io/ObjectStreamClass$ExceptionInfo
Event: 35.243 loading class java/io/ObjectStreamClass$ExceptionInfo done
Event: 35.261 loading class java/io/SerialCallbackContext
Event: 35.261 loading class java/io/SerialCallbackContext done
Event: 35.304 loading class java/lang/Throwable$PrintStreamOrWriter
Event: 35.305 loading class java/lang/Throwable$PrintStreamOrWriter done
Event: 35.450 loading class java/lang/Throwable$WrappedPrintWriter
Event: 35.450 loading class java/lang/Throwable$WrappedPrintWriter done
Event: 35.614 loading class java/util/HashMap$UnsafeHolder
Event: 35.618 loading class java/util/HashMap$UnsafeHolder done
Event: 35.656 loading class java/io/ObjectStreamClass$1
Event: 35.657 loading class java/io/ObjectStreamClass$1 done
Event: 35.660 loading class java/io/ObjectStreamClass$MemberSignature
Event: 35.660 loading class java/io/ObjectStreamClass$MemberSignature done
Event: 35.660 loading class java/io/ObjectStreamClass$3
Event: 35.661 loading class java/io/ObjectStreamClass$3 done
Event: 35.661 loading class java/io/ObjectStreamClass$4
Event: 35.661 loading class java/io/ObjectStreamClass$4 done
Event: 35.661 loading class java/io/ObjectStreamClass$5
Event: 35.662 loading class java/io/ObjectStreamClass$5 done


Dynamic libraries:
0x00007ff661710000 - 0x00007ff66171a000 	C:\Program Files\Android\Android Studio\jbr\bin\java.exe
0x00007ffa598d0000 - 0x00007ffa59ae6000 	C:\WINDOWS\SYSTEM32\ntdll.dll
0x00007ffa58d90000 - 0x00007ffa58e54000 	C:\WINDOWS\System32\KERNEL32.DLL
0x00007ffa56f50000 - 0x00007ffa572f7000 	C:\WINDOWS\System32\KERNELBASE.dll
0x00007ffa56c70000 - 0x00007ffa56d81000 	C:\WINDOWS\System32\ucrtbase.dll
0x00007ffa34de0000 - 0x00007ffa34df7000 	C:\Program Files\Android\Android Studio\jbr\bin\jli.dll
0x00007ffa34dc0000 - 0x00007ffa34ddb000 	C:\Program Files\Android\Android Studio\jbr\bin\VCRUNTIME140.dll
0x00007ffa59150000 - 0x00007ffa592fe000 	C:\WINDOWS\System32\USER32.dll
0x00007ffa575d0000 - 0x00007ffa575f6000 	C:\WINDOWS\System32\win32u.dll
0x00007ffa59850000 - 0x00007ffa59879000 	C:\WINDOWS\System32\GDI32.dll
0x00007ffa56d90000 - 0x00007ffa56ea9000 	C:\WINDOWS\System32\gdi32full.dll
0x00007ffa56eb0000 - 0x00007ffa56f4a000 	C:\WINDOWS\System32\msvcp_win.dll
0x00007ffa44ca0000 - 0x00007ffa44f33000 	C:\WINDOWS\WinSxS\amd64_microsoft.windows.common-controls_6595b64144ccf1df_6.0.22621.3235_none_270f74e173860f98\COMCTL32.dll
0x00007ffa593a0000 - 0x00007ffa59447000 	C:\WINDOWS\System32\msvcrt.dll
0x00007ffa58e60000 - 0x00007ffa58e91000 	C:\WINDOWS\System32\IMM32.DLL
0x00007ffa366e0000 - 0x00007ffa366ec000 	C:\Program Files\Android\Android Studio\jbr\bin\vcruntime140_1.dll
0x00007ff9e2530000 - 0x00007ff9e25bd000 	C:\Program Files\Android\Android Studio\jbr\bin\msvcp140.dll
0x00007ff9b37e0000 - 0x00007ff9b4460000 	C:\Program Files\Android\Android Studio\jbr\bin\server\jvm.dll
0x00007ffa59450000 - 0x00007ffa59502000 	C:\WINDOWS\System32\ADVAPI32.dll
0x00007ffa58280000 - 0x00007ffa58328000 	C:\WINDOWS\System32\sechost.dll
0x00007ffa57530000 - 0x00007ffa57558000 	C:\WINDOWS\System32\bcrypt.dll
0x00007ffa580f0000 - 0x00007ffa58205000 	C:\WINDOWS\System32\RPCRT4.dll
0x00007ffa4eae0000 - 0x00007ffa4eae9000 	C:\WINDOWS\SYSTEM32\WSOCK32.dll
0x00007ffa58f70000 - 0x00007ffa58fe1000 	C:\WINDOWS\System32\WS2_32.dll
0x00007ffa50980000 - 0x00007ffa5098a000 	C:\WINDOWS\SYSTEM32\VERSION.dll
0x00007ffa4f750000 - 0x00007ffa4f784000 	C:\WINDOWS\SYSTEM32\WINMM.dll
0x00007ffa55c30000 - 0x00007ffa55c48000 	C:\WINDOWS\SYSTEM32\kernel.appcore.dll
0x00007ffa35d10000 - 0x00007ffa35d1a000 	C:\Program Files\Android\Android Studio\jbr\bin\jimage.dll
0x00007ffa547c0000 - 0x00007ffa549f3000 	C:\WINDOWS\SYSTEM32\DBGHELP.DLL
0x00007ffa58a00000 - 0x00007ffa58d88000 	C:\WINDOWS\System32\combase.dll
0x00007ffa57f60000 - 0x00007ffa58037000 	C:\WINDOWS\System32\OLEAUT32.dll
0x00007ffa401e0000 - 0x00007ffa40212000 	C:\WINDOWS\SYSTEM32\dbgcore.DLL
0x00007ffa56bf0000 - 0x00007ffa56c69000 	C:\WINDOWS\System32\bcryptPrimitives.dll
0x00007ffa25450000 - 0x00007ffa25475000 	C:\Program Files\Android\Android Studio\jbr\bin\java.dll
0x00007ffa34da0000 - 0x00007ffa34db8000 	C:\Program Files\Android\Android Studio\jbr\bin\zip.dll
0x00007ffa57700000 - 0x00007ffa57f5c000 	C:\WINDOWS\System32\SHELL32.dll
0x00007ffa54b50000 - 0x00007ffa55449000 	C:\WINDOWS\SYSTEM32\windows.storage.dll
0x00007ffa54a10000 - 0x00007ffa54b4e000 	C:\WINDOWS\SYSTEM32\wintypes.dll
0x00007ffa57600000 - 0x00007ffa576f3000 	C:\WINDOWS\System32\SHCORE.dll
0x00007ffa587d0000 - 0x00007ffa5882e000 	C:\WINDOWS\System32\shlwapi.dll
0x00007ffa56b20000 - 0x00007ffa56b41000 	C:\WINDOWS\SYSTEM32\profapi.dll
0x00007ffa25430000 - 0x00007ffa25449000 	C:\Program Files\Android\Android Studio\jbr\bin\net.dll
0x00007ffa507f0000 - 0x00007ffa50926000 	C:\WINDOWS\SYSTEM32\WINHTTP.dll
0x00007ffa560a0000 - 0x00007ffa56109000 	C:\WINDOWS\system32\mswsock.dll
0x00007ffa25180000 - 0x00007ffa25196000 	C:\Program Files\Android\Android Studio\jbr\bin\nio.dll
0x00007ffa35970000 - 0x00007ffa35980000 	C:\Program Files\Android\Android Studio\jbr\bin\verify.dll
0x00007ffa26770000 - 0x00007ffa26797000 	C:\Users\User\.gradle\native\e1d6ef7f7dcc3fd88c89a11ec53ec762bb8ba0a96d01ffa2cd45eb1d1d8dd5c5\windows-amd64\native-platform.dll
0x00007ffa33d10000 - 0x00007ffa33d19000 	C:\Program Files\Android\Android Studio\jbr\bin\management.dll
0x00007ffa33070000 - 0x00007ffa3307b000 	C:\Program Files\Android\Android Studio\jbr\bin\management_ext.dll
0x00007ffa59390000 - 0x00007ffa59398000 	C:\WINDOWS\System32\PSAPI.DLL
0x00007ffa56300000 - 0x00007ffa5631b000 	C:\WINDOWS\SYSTEM32\CRYPTSP.dll
0x00007ffa55b90000 - 0x00007ffa55bc5000 	C:\WINDOWS\system32\rsaenh.dll
0x00007ffa561a0000 - 0x00007ffa561c8000 	C:\WINDOWS\SYSTEM32\USERENV.dll
0x00007ffa56320000 - 0x00007ffa5632c000 	C:\WINDOWS\SYSTEM32\CRYPTBASE.dll
0x00007ffa556f0000 - 0x00007ffa5571d000 	C:\WINDOWS\SYSTEM32\IPHLPAPI.DLL
0x00007ffa589f0000 - 0x00007ffa589f9000 	C:\WINDOWS\System32\NSI.dll
0x00007ffa505f0000 - 0x00007ffa50609000 	C:\WINDOWS\SYSTEM32\dhcpcsvc6.DLL
0x00007ffa50590000 - 0x00007ffa505af000 	C:\WINDOWS\SYSTEM32\dhcpcsvc.DLL
0x00007ffa55770000 - 0x00007ffa55869000 	C:\WINDOWS\SYSTEM32\DNSAPI.dll
0x00007ffa46610000 - 0x00007ffa46618000 	C:\WINDOWS\system32\wshunix.dll

dbghelp: loaded successfully - version: 4.0.5 - missing functions: none
symbol engine: initialized successfully - sym options: 0x614 - pdb path: .;C:\Program Files\Android\Android Studio\jbr\bin;C:\WINDOWS\SYSTEM32;C:\WINDOWS\WinSxS\amd64_microsoft.windows.common-controls_6595b64144ccf1df_6.0.22621.3235_none_270f74e173860f98;C:\Program Files\Android\Android Studio\jbr\bin\server;C:\Users\User\.gradle\native\e1d6ef7f7dcc3fd88c89a11ec53ec762bb8ba0a96d01ffa2cd45eb1d1d8dd5c5\windows-amd64

VM Arguments:
jvm_args: -Dorg.gradle.appname=gradlew 
java_command: org.gradle.wrapper.GradleWrapperMain -q -Ptarget-platform=android-x86 -Ptarget=C:\Users\User\Desktop\api-sis\mobile\lib\main.dart -Pbase-application-name=android.app.Application -Pdart-defines=RkxVVFRFUl9XRUJfQVVUT19ERVRFQ1Q9dHJ1ZQ==,RkxVVFRFUl9XRUJfQ0FOVkFTS0lUX1VSTD1odHRwczovL3d3dy5nc3RhdGljLmNvbS9mbHV0dGVyLWNhbnZhc2tpdC9mNDBlOTc2YmVkZmY1N2U2OWUxYjNkODlhN2MyYTNjNjE3YTAzZGFkLw== -Pdart-obfuscation=false -Ptrack-widget-creation=true -Ptree-shake-icons=false -Pfilesystem-scheme=org-dartlang-root assembleDebug
java_class_path (initial): C:\Users\User\Desktop\api-sis\mobile\android\\gradle\wrapper\gradle-wrapper.jar
Launcher Type: SUN_STANDARD

[Global flags]
     intx CICompilerCount                          = 4                                         {product} {ergonomic}
     uint ConcGCThreads                            = 2                                         {product} {ergonomic}
     uint G1ConcRefinementThreads                  = 8                                         {product} {ergonomic}
   size_t G1HeapRegionSize                         = 1048576                                   {product} {ergonomic}
    uintx GCDrainStackTargetSize                   = 64                                        {product} {ergonomic}
   size_t InitialHeapSize                          = 58720256                                  {product} {ergonomic}
   size_t MarkStackSize                            = 4194304                                   {product} {ergonomic}
   size_t MaxHeapSize                              = 924844032                                 {product} {ergonomic}
   size_t MaxNewSize                               = 554696704                                 {product} {ergonomic}
   size_t MinHeapDeltaBytes                        = 1048576                                   {product} {ergonomic}
   size_t MinHeapSize                              = 8388608                                   {product} {ergonomic}
    uintx NonNMethodCodeHeapSize                   = 5839372                                {pd product} {ergonomic}
    uintx NonProfiledCodeHeapSize                  = 122909434                              {pd product} {ergonomic}
    uintx ProfiledCodeHeapSize                     = 122909434                              {pd product} {ergonomic}
    uintx ReservedCodeCacheSize                    = 251658240                              {pd product} {ergonomic}
     bool SegmentedCodeCache                       = true                                      {product} {ergonomic}
   size_t SoftMaxHeapSize                          = 924844032                              {manageable} {ergonomic}
     bool UseCompressedClassPointers               = true                           {product lp64_product} {ergonomic}
     bool UseCompressedOops                        = true                           {product lp64_product} {ergonomic}
     bool UseG1GC                                  = true                                      {product} {ergonomic}
     bool UseLargePagesIndividualAllocation        = false                                  {pd product} {ergonomic}

Logging:
Log output configuration:
 #0: stdout all=warning uptime,level,tags
 #1: stderr all=off uptime,level,tags

Environment Variables:
JAVA_HOME=C:\Program Files\Android\Android Studio\jbr
CLASSPATH=C:\Users\User\Desktop\api-sis\mobile\android\\gradle\wrapper\gradle-wrapper.jar
PATH=C:\Program Files\Android\Android Studio\jbr\bin;C:\ProgramData\Oracle\Java\javapath;C:\Windows\system32;C:\Windows;C:\Windows\System32\Wbem;C:\Windows\System32\WindowsPowerShell\v1.0\;C:\Windows\System32\OpenSSH\;C:\Program Files (x86)\NVIDIA Corporation\PhysX\Common;C:\WINDOWS\system32;C:\WINDOWS;C:\WINDOWS\System32\Wbem;C:\WINDOWS\System32\WindowsPowerShell\v1.0\;C:\WINDOWS\System32\OpenSSH\;C:\Users\User\AppData\Roaming\Python\Python310\Scripts;C:\Program Files\Git\cmd;C:\Program Files (x86)\Bitvise SSH Client;C:\Program Files\Android\Android Studio\bin;C:\Program Files\Flutter\flutter_windows_3.16.7-stable\flutter\bin;C:\Program Files\MySQL\MySQL Shell 8.0\bin\;C:\Users\User\AppData\Local\Programs\Python\Python311\Scripts\;C:\Users\User\AppData\Local\Programs\Python\Python311\;C:\Users\User\AppData\Local\Microsoft\WindowsApps;C:\Users\User\AppData\Local\Microsoft\WindowsApps;C:\Program Files\JetBrains\PyCharm Community Edition 2023.1\bin;;C:\MinGW\bin;C:\Users\User\AppData\Local\Programs\Microsoft VS Code\bin;C:\Program Files\Flutter\flutter_windows_3.16.7-stable\flutter\bin;C:\Program Files\Android\Android Studio\bin;;C:\Program Files\Flutter\flutter_windows_3.16.7-stable\flutter\bin\mingit\cmd;C:\Program Files\Flutter\flutter_windows_3.16.7-stable\flutter\bin\mingit\cmd
USERNAME=User
OS=Windows_NT
PROCESSOR_IDENTIFIER=AMD64 Family 23 Model 24 Stepping 1, AuthenticAMD
TMP=C:\Users\User\AppData\Local\Temp
TEMP=C:\Users\User\AppData\Local\Temp


JNI global refs:
JNI global refs: 20, weak refs: 0

JNI global refs memory usage: 843, weak refs: 841

OOME stack traces (most recent first):
Classloader memory used:
Loader bootstrap                                                                       : 1722K
Loader org.gradle.internal.classloader.VisitableURLClassLoader                         : 533K
Loader java.net.URLClassLoader                                                         : 25818B
Loader jdk.internal.loader.ClassLoaders$AppClassLoader                                 : 18431B
Loader jdk.internal.loader.ClassLoaders$PlatformClassLoader                            : 14856B
Loader jdk.internal.reflect.DelegatingClassLoader                                      : 5934B

Classes loaded by more than one classloader:
Class org.gradle.internal.installation.GradleInstallation                             : loaded 2 times (x 73B)
Class org.gradle.cli.ParsedCommandLine                                                : loaded 2 times (x 78B)
Class org.gradle.internal.classpath.ClassPath                                         : loaded 2 times (x 68B)
Class org.gradle.api.internal.classpath.DefaultModuleRegistry                         : loaded 2 times (x 84B)
Class org.gradle.api.Action                                                           : loaded 2 times (x 68B)
Class org.gradle.cli.CommandLineParser$OptionString                                   : loaded 2 times (x 71B)
Class org.gradle.internal.installation.GradleInstallation$1                           : loaded 2 times (x 73B)
Class org.gradle.cli.CommandLineParser$AfterOptions                                   : loaded 2 times (x 75B)
Class org.gradle.internal.classpath.DefaultClassPath$ImmutableUniqueList$Builder      : loaded 2 times (x 73B)
Class org.gradle.cli.CommandLineParser$AfterFirstSubCommand                           : loaded 2 times (x 75B)
Class org.gradle.internal.classloader.ClassLoaderVisitor                              : loaded 2 times (x 74B)
Class org.gradle.internal.service.UnknownServiceException                             : loaded 2 times (x 81B)
Class org.gradle.api.GradleException                                                  : loaded 2 times (x 80B)
Class org.gradle.api.internal.classpath.ModuleRegistry                                : loaded 2 times (x 68B)
Class org.gradle.cli.CommandLineParser$KnownOptionParserState                         : loaded 2 times (x 74B)
Class org.gradle.internal.classloader.ClasspathUtil$1                                 : loaded 2 times (x 74B)
Class org.gradle.cli.AbstractPropertiesCommandLineConverter                           : loaded 2 times (x 81B)
Class org.gradle.api.internal.classpath.ManifestUtil                                  : loaded 2 times (x 69B)
Class org.gradle.api.specs.Spec                                                       : loaded 2 times (x 68B)
Class org.gradle.cli.SystemPropertiesCommandLineConverter                             : loaded 2 times (x 81B)
Class org.gradle.internal.IoActions                                                   : loaded 2 times (x 69B)
Class org.gradle.api.internal.classpath.EffectiveClassPath                            : loaded 2 times (x 88B)
Class org.gradle.internal.installation.CurrentGradleInstallation                      : loaded 2 times (x 71B)
Class org.gradle.internal.installation.CurrentGradleInstallationLocator               : loaded 2 times (x 69B)
Class org.gradle.api.internal.classpath.Module                                        : loaded 2 times (x 68B)
Class org.gradle.internal.classpath.DefaultClassPath                                  : loaded 2 times (x 88B)
Class org.gradle.api.Transformer                                                      : loaded 2 times (x 68B)
Class org.gradle.cli.CommandLineParser                                                : loaded 2 times (x 77B)
Class org.gradle.cli.CommandLineParser$BeforeFirstSubCommand                          : loaded 2 times (x 75B)
Class org.gradle.internal.classloader.SystemClassLoaderSpec                           : loaded 2 times (x 69B)
Class org.gradle.cli.CommandLineOption                                                : loaded 2 times (x 84B)
Class org.gradle.cli.CommandLineParser$ParserState                                    : loaded 2 times (x 74B)
Class org.gradle.cli.CommandLineParser$MissingOptionArgState                          : loaded 2 times (x 75B)
Class org.gradle.api.UncheckedIOException                                             : loaded 2 times (x 80B)
Class org.gradle.cli.ParsedCommandLineOption                                          : loaded 2 times (x 74B)
Class org.gradle.internal.classloader.ClasspathUtil                                   : loaded 2 times (x 69B)
Class org.gradle.api.internal.classpath.DefaultModuleRegistry$DefaultModule           : loaded 2 times (x 84B)
Class org.gradle.cli.CommandLineParser$UnknownOptionParserState                       : loaded 2 times (x 74B)
Class org.gradle.api.internal.classpath.UnknownModuleException                        : loaded 2 times (x 80B)
Class org.gradle.internal.service.ServiceLookupException                              : loaded 2 times (x 80B)
Class org.gradle.cache.GlobalCache                                                    : loaded 2 times (x 68B)
Class org.gradle.util.internal.GUtil                                                  : loaded 2 times (x 69B)
Class org.gradle.internal.classloader.ClassLoaderSpec                                 : loaded 2 times (x 69B)
Class org.gradle.cli.CommandLineParser$OptionAwareParserState                         : loaded 2 times (x 75B)
Class org.gradle.cli.CommandLineParser$OptionParserState                              : loaded 2 times (x 73B)
Class org.gradle.internal.Cast                                                        : loaded 2 times (x 69B)
Class org.gradle.internal.classloader.ClassLoaderHierarchy                            : loaded 2 times (x 68B)
Class org.gradle.cli.CommandLineConverter                                             : loaded 2 times (x 68B)
Class org.gradle.internal.classpath.DefaultClassPath$ImmutableUniqueList              : loaded 2 times (x 159B)
Class org.gradle.cli.AbstractCommandLineConverter                                     : loaded 2 times (x 77B)
Class org.gradle.cli.CommandLineArgumentException                                     : loaded 2 times (x 80B)


---------------  S Y S T E M  ---------------

OS:
 Windows 11 , 64 bit Build 22621 (10.0.22621.3374)
OS uptime: 0 days 2:15 hours

CPU: total 8 (initial active 8) (8 cores per cpu, 2 threads per core) family 23 model 24 stepping 1 microcode 0x0, cx8, cmov, fxsr, ht, mmx, 3dnowpref, sse, sse2, sse3, ssse3, sse4a, sse4.1, sse4.2, popcnt, lzcnt, tsc, tscinvbit, avx, avx2, aes, clmul, bmi1, bmi2, adx, sha, fma, vzeroupper, clflush, clflushopt

Memory: 4k page, system-wide physical 3522M (42M free)
TotalPageFile size 14274M (AvailPageFile size 1M)
current process WorkingSet (physical memory assigned to process): 35M, peak: 97M
current process commit charge ("private bytes"): 157M, peak: 159M

vm_info: OpenJDK 64-Bit Server VM (17.0.7+0-b2043.56-10550314) for windows-amd64 JRE (17.0.7+0-b2043.56-10550314), built on Jul 24 2023 18:27:45 by "androidbuild" with MS VC++ 16.10 / 16.11 (VS2019)

END.
